{"C:\\Users\\ehren\\fitness-tracker\\src\\App.tsx": {"path":"C:\\Users\\ehren\\fitness-tracker\\src\\App.tsx","statementMap":{"0":{"start":{"line":14,"column":32},"end":{"line":73,"column":1}},"1":{"start":{"line":15,"column":34},"end":{"line":15,"column":43}},"2":{"start":{"line":16,"column":19},"end":{"line":16,"column":32}},"3":{"start":{"line":18,"column":23},"end":{"line":24,"column":3}},"4":{"start":{"line":19,"column":4},"end":{"line":23,"column":5}},"5":{"start":{"line":20,"column":6},"end":{"line":20,"column":21}},"6":{"start":{"line":22,"column":6},"end":{"line":22,"column":49}},"7":{"start":{"line":26,"column":27},"end":{"line":28,"column":3}},"8":{"start":{"line":27,"column":4},"end":{"line":27,"column":23}},"9":{"start":{"line":30,"column":26},"end":{"line":32,"column":3}},"10":{"start":{"line":31,"column":4},"end":{"line":31,"column":18}},"11":{"start":{"line":34,"column":2},"end":{"line":72,"column":4}},"12":{"start":{"line":75,"column":22},"end":{"line":146,"column":1}},"13":{"start":{"line":76,"column":42},"end":{"line":76,"column":62}},"14":{"start":{"line":77,"column":56},"end":{"line":77,"column":71}},"15":{"start":{"line":79,"column":2},"end":{"line":145,"column":4}},"16":{"start":{"line":99,"column":45},"end":{"line":99,"column":73}},"17":{"start":{"line":116,"column":51},"end":{"line":116,"column":80}}},"fnMap":{"0":{"name":"(anonymous_0)","decl":{"start":{"line":14,"column":32},"end":{"line":14,"column":33}},"loc":{"start":{"line":14,"column":38},"end":{"line":73,"column":1}},"line":14},"1":{"name":"(anonymous_1)","decl":{"start":{"line":18,"column":23},"end":{"line":18,"column":24}},"loc":{"start":{"line":18,"column":35},"end":{"line":24,"column":3}},"line":18},"2":{"name":"(anonymous_2)","decl":{"start":{"line":26,"column":27},"end":{"line":26,"column":28}},"loc":{"start":{"line":26,"column":33},"end":{"line":28,"column":3}},"line":26},"3":{"name":"(anonymous_3)","decl":{"start":{"line":30,"column":26},"end":{"line":30,"column":27}},"loc":{"start":{"line":30,"column":32},"end":{"line":32,"column":3}},"line":30},"4":{"name":"(anonymous_4)","decl":{"start":{"line":75,"column":22},"end":{"line":75,"column":23}},"loc":{"start":{"line":75,"column":28},"end":{"line":146,"column":1}},"line":75},"5":{"name":"(anonymous_5)","decl":{"start":{"line":99,"column":39},"end":{"line":99,"column":40}},"loc":{"start":{"line":99,"column":45},"end":{"line":99,"column":73}},"line":99},"6":{"name":"(anonymous_6)","decl":{"start":{"line":116,"column":45},"end":{"line":116,"column":46}},"loc":{"start":{"line":116,"column":51},"end":{"line":116,"column":80}},"line":116}},"branchMap":{"0":{"loc":{"start":{"line":40,"column":9},"end":{"line":69,"column":9}},"type":"binary-expr","locations":[{"start":{"line":40,"column":9},"end":{"line":40,"column":20}},{"start":{"line":41,"column":10},"end":{"line":68,"column":16}}],"line":40},"1":{"loc":{"start":{"line":94,"column":27},"end":{"line":103,"column":27}},"type":"binary-expr","locations":[{"start":{"line":94,"column":27},"end":{"line":94,"column":39}},{"start":{"line":94,"column":43},"end":{"line":94,"column":63}},{"start":{"line":95,"column":28},"end":{"line":102,"column":37}}],"line":94},"2":{"loc":{"start":{"line":107,"column":27},"end":{"line":124,"column":27}},"type":"cond-expr","locations":[{"start":{"line":108,"column":28},"end":{"line":108,"column":79}},{"start":{"line":110,"column":28},"end":{"line":123,"column":29}}],"line":107},"3":{"loc":{"start":{"line":110,"column":28},"end":{"line":123,"column":29}},"type":"binary-expr","locations":[{"start":{"line":110,"column":28},"end":{"line":110,"column":40}},{"start":{"line":111,"column":30},"end":{"line":122,"column":33}}],"line":110}},"s":{"0":1,"1":2,"2":2,"3":2,"4":0,"5":0,"6":0,"7":2,"8":0,"9":2,"10":0,"11":2,"12":1,"13":1,"14":1,"15":1,"16":0,"17":0},"f":{"0":2,"1":0,"2":0,"3":0,"4":1,"5":0,"6":0},"b":{"0":[2,0],"1":[1,0,0],"2":[1,0],"3":[0,0]},"_coverageSchema":"1a1c01bbd47fc00a2c39e90264f33305004495a9","hash":"381fac05ce6fd8809374bd2d986296f6656fce4b"}
,"C:\\Users\\ehren\\fitness-tracker\\src\\firebase.ts": {"path":"C:\\Users\\ehren\\fitness-tracker\\src\\firebase.ts","statementMap":{"0":{"start":{"line":6,"column":23},"end":{"line":14,"column":1}},"1":{"start":{"line":17,"column":12},"end":{"line":17,"column":41}},"2":{"start":{"line":18,"column":18},"end":{"line":18,"column":35}},"3":{"start":{"line":19,"column":20},"end":{"line":19,"column":32}},"4":{"start":{"line":20,"column":25},"end":{"line":20,"column":42}},"5":{"start":{"line":23,"column":33},"end":{"line":29,"column":1}},"6":{"start":{"line":24,"column":2},"end":{"line":28,"column":3}},"7":{"start":{"line":25,"column":4},"end":{"line":25,"column":48}},"8":{"start":{"line":27,"column":4},"end":{"line":27,"column":60}}},"fnMap":{"0":{"name":"(anonymous_0)","decl":{"start":{"line":23,"column":33},"end":{"line":23,"column":34}},"loc":{"start":{"line":23,"column":94},"end":{"line":29,"column":1}},"line":23}},"branchMap":{},"s":{"0":0,"1":0,"2":0,"3":0,"4":0,"5":0,"6":0,"7":0,"8":0},"f":{"0":0},"b":{}}
,"C:\\Users\\ehren\\fitness-tracker\\src\\main.tsx": {"path":"C:\\Users\\ehren\\fitness-tracker\\src\\main.tsx","statementMap":{"0":{"start":{"line":6,"column":0},"end":{"line":10,"column":2}}},"fnMap":{},"branchMap":{},"s":{"0":0},"f":{},"b":{}}
,"C:\\Users\\ehren\\fitness-tracker\\src\\theme.ts": {"path":"C:\\Users\\ehren\\fitness-tracker\\src\\theme.ts","statementMap":{"0":{"start":{"line":3,"column":21},"end":{"line":9,"column":2}}},"fnMap":{},"branchMap":{},"s":{"0":1},"f":{},"b":{},"_coverageSchema":"1a1c01bbd47fc00a2c39e90264f33305004495a9","hash":"239788ae42b5379388e81866b55e12613181b9ad"}
,"C:\\Users\\ehren\\fitness-tracker\\src\\vite-env.d.ts": {"path":"C:\\Users\\ehren\\fitness-tracker\\src\\vite-env.d.ts","statementMap":{},"fnMap":{},"branchMap":{},"s":{},"f":{},"b":{}}
,"C:\\Users\\ehren\\fitness-tracker\\src\\components\\ActivityGraph.tsx": {"path":"C:\\Users\\ehren\\fitness-tracker\\src\\components\\ActivityGraph.tsx","statementMap":{"0":{"start":{"line":26,"column":0},"end":{"line":34,"column":2}},"1":{"start":{"line":49,"column":52},"end":{"line":173,"column":1}},"2":{"start":{"line":50,"column":42},"end":{"line":50,"column":57}},"3":{"start":{"line":53,"column":24},"end":{"line":55,"column":3}},"4":{"start":{"line":54,"column":4},"end":{"line":54,"column":59}},"5":{"start":{"line":57,"column":15},"end":{"line":71,"column":3}},"6":{"start":{"line":59,"column":6},"end":{"line":59,"column":48}},"7":{"start":{"line":64,"column":42},"end":{"line":64,"column":54}},"8":{"start":{"line":73,"column":18},"end":{"line":102,"column":3}},"9":{"start":{"line":104,"column":2},"end":{"line":112,"column":3}},"10":{"start":{"line":105,"column":4},"end":{"line":111,"column":6}},"11":{"start":{"line":114,"column":33},"end":{"line":116,"column":3}},"12":{"start":{"line":115,"column":4},"end":{"line":115,"column":35}},"13":{"start":{"line":119,"column":4},"end":{"line":126,"column":10}},"14":{"start":{"line":129,"column":2},"end":{"line":172,"column":4}}},"fnMap":{"0":{"name":"(anonymous_0)","decl":{"start":{"line":49,"column":52},"end":{"line":49,"column":53}},"loc":{"start":{"line":49,"column":79},"end":{"line":173,"column":1}},"line":49},"1":{"name":"(anonymous_1)","decl":{"start":{"line":53,"column":42},"end":{"line":53,"column":43}},"loc":{"start":{"line":54,"column":4},"end":{"line":54,"column":59}},"line":54},"2":{"name":"(anonymous_2)","decl":{"start":{"line":58,"column":30},"end":{"line":58,"column":31}},"loc":{"start":{"line":59,"column":6},"end":{"line":59,"column":48}},"line":59},"3":{"name":"(anonymous_3)","decl":{"start":{"line":64,"column":32},"end":{"line":64,"column":33}},"loc":{"start":{"line":64,"column":42},"end":{"line":64,"column":54}},"line":64},"4":{"name":"(anonymous_4)","decl":{"start":{"line":114,"column":33},"end":{"line":114,"column":34}},"loc":{"start":{"line":114,"column":39},"end":{"line":116,"column":3}},"line":114}},"branchMap":{"0":{"loc":{"start":{"line":90,"column":16},"end":{"line":92,"column":21}},"type":"cond-expr","locations":[{"start":{"line":91,"column":14},"end":{"line":91,"column":53}},{"start":{"line":92,"column":14},"end":{"line":92,"column":21}}],"line":90},"1":{"loc":{"start":{"line":104,"column":2},"end":{"line":112,"column":3}},"type":"if","locations":[{"start":{"line":104,"column":2},"end":{"line":112,"column":3}},{"start":{},"end":{}}],"line":104}},"s":{"0":1,"1":1,"2":0,"3":0,"4":0,"5":0,"6":0,"7":0,"8":0,"9":0,"10":0,"11":0,"12":0,"13":0,"14":0},"f":{"0":0,"1":0,"2":0,"3":0,"4":0},"b":{"0":[0,0],"1":[0,0]},"_coverageSchema":"1a1c01bbd47fc00a2c39e90264f33305004495a9","hash":"750203c2883e281b243525758c9e8faa40686894"}
,"C:\\Users\\ehren\\fitness-tracker\\src\\components\\ActivityLeaderboard.tsx": {"path":"C:\\Users\\ehren\\fitness-tracker\\src\\components\\ActivityLeaderboard.tsx","statementMap":{"0":{"start":{"line":45,"column":2},"end":{"line":47,"column":3}},"1":{"start":{"line":46,"column":4},"end":{"line":46,"column":95}},"2":{"start":{"line":48,"column":2},"end":{"line":50,"column":3}},"3":{"start":{"line":49,"column":4},"end":{"line":49,"column":14}},"4":{"start":{"line":51,"column":2},"end":{"line":53,"column":3}},"5":{"start":{"line":52,"column":4},"end":{"line":52,"column":13}},"6":{"start":{"line":54,"column":2},"end":{"line":54,"column":11}},"7":{"start":{"line":61,"column":2},"end":{"line":63,"column":53}},"8":{"start":{"line":62,"column":16},"end":{"line":62,"column":51}},"9":{"start":{"line":63,"column":16},"end":{"line":63,"column":52}},"10":{"start":{"line":66,"column":38},"end":{"line":284,"column":1}},"11":{"start":{"line":67,"column":50},"end":{"line":67,"column":70}},"12":{"start":{"line":68,"column":32},"end":{"line":68,"column":54}},"13":{"start":{"line":69,"column":34},"end":{"line":69,"column":59}},"14":{"start":{"line":70,"column":28},"end":{"line":70,"column":51}},"15":{"start":{"line":71,"column":32},"end":{"line":71,"column":65}},"16":{"start":{"line":72,"column":38},"end":{"line":72,"column":68}},"17":{"start":{"line":75,"column":2},"end":{"line":89,"column":9}},"18":{"start":{"line":76,"column":27},"end":{"line":86,"column":5}},"19":{"start":{"line":77,"column":6},"end":{"line":85,"column":7}},"20":{"start":{"line":78,"column":30},"end":{"line":78,"column":61}},"21":{"start":{"line":79,"column":30},"end":{"line":79,"column":57}},"22":{"start":{"line":80,"column":8},"end":{"line":82,"column":9}},"23":{"start":{"line":81,"column":10},"end":{"line":81,"column":51}},"24":{"start":{"line":84,"column":8},"end":{"line":84,"column":58}},"25":{"start":{"line":88,"column":4},"end":{"line":88,"column":21}},"26":{"start":{"line":91,"column":22},"end":{"line":106,"column":3}},"27":{"start":{"line":92,"column":4},"end":{"line":92,"column":26}},"28":{"start":{"line":92,"column":19},"end":{"line":92,"column":26}},"29":{"start":{"line":94,"column":4},"end":{"line":105,"column":5}},"30":{"start":{"line":95,"column":25},"end":{"line":95,"column":50}},"31":{"start":{"line":96,"column":16},"end":{"line":96,"column":68}},"32":{"start":{"line":97,"column":28},"end":{"line":97,"column":44}},"33":{"start":{"line":98,"column":29},"end":{"line":101,"column":21}},"34":{"start":{"line":98,"column":60},"end":{"line":101,"column":7}},"35":{"start":{"line":102,"column":6},"end":{"line":102,"column":33}},"36":{"start":{"line":104,"column":6},"end":{"line":104,"column":53}},"37":{"start":{"line":108,"column":2},"end":{"line":112,"column":25}},"38":{"start":{"line":109,"column":4},"end":{"line":111,"column":5}},"39":{"start":{"line":110,"column":6},"end":{"line":110,"column":36}},"40":{"start":{"line":114,"column":28},"end":{"line":118,"column":3}},"41":{"start":{"line":115,"column":18},"end":{"line":115,"column":57}},"42":{"start":{"line":116,"column":4},"end":{"line":116,"column":37}},"43":{"start":{"line":117,"column":4},"end":{"line":117,"column":25}},"44":{"start":{"line":120,"column":25},"end":{"line":165,"column":3}},"45":{"start":{"line":121,"column":4},"end":{"line":121,"column":37}},"46":{"start":{"line":121,"column":27},"end":{"line":121,"column":37}},"47":{"start":{"line":123,"column":28},"end":{"line":123,"column":80}},"48":{"start":{"line":123,"column":48},"end":{"line":123,"column":79}},"49":{"start":{"line":125,"column":4},"end":{"line":131,"column":5}},"50":{"start":{"line":126,"column":6},"end":{"line":130,"column":10}},"51":{"start":{"line":126,"column":44},"end":{"line":130,"column":7}},"52":{"start":{"line":133,"column":23},"end":{"line":139,"column":41}},"53":{"start":{"line":134,"column":6},"end":{"line":136,"column":7}},"54":{"start":{"line":135,"column":8},"end":{"line":135,"column":37}},"55":{"start":{"line":137,"column":6},"end":{"line":137,"column":43}},"56":{"start":{"line":138,"column":6},"end":{"line":138,"column":20}},"57":{"start":{"line":141,"column":4},"end":{"line":164,"column":7}},"58":{"start":{"line":144,"column":6},"end":{"line":157,"column":7}},"59":{"start":{"line":146,"column":10},"end":{"line":148,"column":12}},"60":{"start":{"line":147,"column":12},"end":{"line":147,"column":53}},"61":{"start":{"line":149,"column":10},"end":{"line":149,"column":16}},"62":{"start":{"line":151,"column":10},"end":{"line":153,"column":12}},"63":{"start":{"line":152,"column":12},"end":{"line":152,"column":53}},"64":{"start":{"line":154,"column":10},"end":{"line":154,"column":16}},"65":{"start":{"line":156,"column":10},"end":{"line":156,"column":50}},"66":{"start":{"line":159,"column":6},"end":{"line":163,"column":8}},"67":{"start":{"line":167,"column":24},"end":{"line":167,"column":83}},"68":{"start":{"line":169,"column":31},"end":{"line":171,"column":3}},"69":{"start":{"line":170,"column":4},"end":{"line":170,"column":44}},"70":{"start":{"line":173,"column":31},"end":{"line":177,"column":3}},"71":{"start":{"line":174,"column":4},"end":{"line":176,"column":5}},"72":{"start":{"line":175,"column":6},"end":{"line":175,"column":27}},"73":{"start":{"line":179,"column":2},"end":{"line":283,"column":4}},"74":{"start":{"line":199,"column":18},"end":{"line":201,"column":29}},"75":{"start":{"line":236,"column":37},"end":{"line":236,"column":66}},"76":{"start":{"line":245,"column":37},"end":{"line":245,"column":63}},"77":{"start":{"line":254,"column":37},"end":{"line":254,"column":62}},"78":{"start":{"line":263,"column":18},"end":{"line":268,"column":29}}},"fnMap":{"0":{"name":"descendingComparator","decl":{"start":{"line":44,"column":9},"end":{"line":44,"column":29}},"loc":{"start":{"line":44,"column":63},"end":{"line":55,"column":1}},"line":44},"1":{"name":"getComparator","decl":{"start":{"line":57,"column":9},"end":{"line":57,"column":22}},"loc":{"start":{"line":60,"column":54},"end":{"line":64,"column":1}},"line":60},"2":{"name":"(anonymous_2)","decl":{"start":{"line":62,"column":6},"end":{"line":62,"column":7}},"loc":{"start":{"line":62,"column":16},"end":{"line":62,"column":51}},"line":62},"3":{"name":"(anonymous_3)","decl":{"start":{"line":63,"column":6},"end":{"line":63,"column":7}},"loc":{"start":{"line":63,"column":16},"end":{"line":63,"column":52}},"line":63},"4":{"name":"(anonymous_4)","decl":{"start":{"line":66,"column":38},"end":{"line":66,"column":39}},"loc":{"start":{"line":66,"column":44},"end":{"line":284,"column":1}},"line":66},"5":{"name":"(anonymous_5)","decl":{"start":{"line":75,"column":12},"end":{"line":75,"column":13}},"loc":{"start":{"line":75,"column":18},"end":{"line":89,"column":3}},"line":75},"6":{"name":"(anonymous_6)","decl":{"start":{"line":76,"column":27},"end":{"line":76,"column":28}},"loc":{"start":{"line":76,"column":39},"end":{"line":86,"column":5}},"line":76},"7":{"name":"(anonymous_7)","decl":{"start":{"line":91,"column":22},"end":{"line":91,"column":23}},"loc":{"start":{"line":91,"column":50},"end":{"line":106,"column":3}},"line":91},"8":{"name":"(anonymous_8)","decl":{"start":{"line":98,"column":52},"end":{"line":98,"column":53}},"loc":{"start":{"line":98,"column":60},"end":{"line":101,"column":7}},"line":98},"9":{"name":"(anonymous_9)","decl":{"start":{"line":108,"column":12},"end":{"line":108,"column":13}},"loc":{"start":{"line":108,"column":18},"end":{"line":112,"column":3}},"line":108},"10":{"name":"(anonymous_10)","decl":{"start":{"line":114,"column":28},"end":{"line":114,"column":29}},"loc":{"start":{"line":114,"column":58},"end":{"line":118,"column":3}},"line":114},"11":{"name":"(anonymous_11)","decl":{"start":{"line":120,"column":25},"end":{"line":120,"column":26}},"loc":{"start":{"line":120,"column":67},"end":{"line":165,"column":3}},"line":120},"12":{"name":"(anonymous_12)","decl":{"start":{"line":123,"column":43},"end":{"line":123,"column":44}},"loc":{"start":{"line":123,"column":48},"end":{"line":123,"column":79}},"line":123},"13":{"name":"(anonymous_13)","decl":{"start":{"line":126,"column":33},"end":{"line":126,"column":34}},"loc":{"start":{"line":126,"column":44},"end":{"line":130,"column":7}},"line":126},"14":{"name":"(anonymous_14)","decl":{"start":{"line":133,"column":46},"end":{"line":133,"column":47}},"loc":{"start":{"line":133,"column":66},"end":{"line":139,"column":5}},"line":133},"15":{"name":"(anonymous_15)","decl":{"start":{"line":141,"column":42},"end":{"line":141,"column":43}},"loc":{"start":{"line":141,"column":71},"end":{"line":164,"column":5}},"line":141},"16":{"name":"(anonymous_16)","decl":{"start":{"line":146,"column":46},"end":{"line":146,"column":47}},"loc":{"start":{"line":147,"column":12},"end":{"line":147,"column":53}},"line":147},"17":{"name":"(anonymous_17)","decl":{"start":{"line":151,"column":46},"end":{"line":151,"column":47}},"loc":{"start":{"line":152,"column":12},"end":{"line":152,"column":53}},"line":152},"18":{"name":"(anonymous_18)","decl":{"start":{"line":169,"column":31},"end":{"line":169,"column":32}},"loc":{"start":{"line":169,"column":61},"end":{"line":171,"column":3}},"line":169},"19":{"name":"(anonymous_19)","decl":{"start":{"line":173,"column":31},"end":{"line":173,"column":32}},"loc":{"start":{"line":173,"column":73},"end":{"line":177,"column":3}},"line":173},"20":{"name":"(anonymous_20)","decl":{"start":{"line":198,"column":32},"end":{"line":198,"column":33}},"loc":{"start":{"line":199,"column":18},"end":{"line":201,"column":29}},"line":199},"21":{"name":"(anonymous_21)","decl":{"start":{"line":236,"column":31},"end":{"line":236,"column":32}},"loc":{"start":{"line":236,"column":37},"end":{"line":236,"column":66}},"line":236},"22":{"name":"(anonymous_22)","decl":{"start":{"line":245,"column":31},"end":{"line":245,"column":32}},"loc":{"start":{"line":245,"column":37},"end":{"line":245,"column":63}},"line":245},"23":{"name":"(anonymous_23)","decl":{"start":{"line":254,"column":31},"end":{"line":254,"column":32}},"loc":{"start":{"line":254,"column":37},"end":{"line":254,"column":62}},"line":254},"24":{"name":"(anonymous_24)","decl":{"start":{"line":262,"column":35},"end":{"line":262,"column":36}},"loc":{"start":{"line":263,"column":18},"end":{"line":268,"column":29}},"line":263}},"branchMap":{"0":{"loc":{"start":{"line":45,"column":2},"end":{"line":47,"column":3}},"type":"if","locations":[{"start":{"line":45,"column":2},"end":{"line":47,"column":3}},{"start":{},"end":{}}],"line":45},"1":{"loc":{"start":{"line":48,"column":2},"end":{"line":50,"column":3}},"type":"if","locations":[{"start":{"line":48,"column":2},"end":{"line":50,"column":3}},{"start":{},"end":{}}],"line":48},"2":{"loc":{"start":{"line":51,"column":2},"end":{"line":53,"column":3}},"type":"if","locations":[{"start":{"line":51,"column":2},"end":{"line":53,"column":3}},{"start":{},"end":{}}],"line":51},"3":{"loc":{"start":{"line":61,"column":9},"end":{"line":63,"column":52}},"type":"cond-expr","locations":[{"start":{"line":62,"column":6},"end":{"line":62,"column":51}},{"start":{"line":63,"column":6},"end":{"line":63,"column":52}}],"line":61},"4":{"loc":{"start":{"line":80,"column":8},"end":{"line":82,"column":9}},"type":"if","locations":[{"start":{"line":80,"column":8},"end":{"line":82,"column":9}},{"start":{},"end":{}}],"line":80},"5":{"loc":{"start":{"line":92,"column":4},"end":{"line":92,"column":26}},"type":"if","locations":[{"start":{"line":92,"column":4},"end":{"line":92,"column":26}},{"start":{},"end":{}}],"line":92},"6":{"loc":{"start":{"line":109,"column":4},"end":{"line":111,"column":5}},"type":"if","locations":[{"start":{"line":109,"column":4},"end":{"line":111,"column":5}},{"start":{},"end":{}}],"line":109},"7":{"loc":{"start":{"line":115,"column":18},"end":{"line":115,"column":57}},"type":"binary-expr","locations":[{"start":{"line":115,"column":18},"end":{"line":115,"column":38}},{"start":{"line":115,"column":42},"end":{"line":115,"column":57}}],"line":115},"8":{"loc":{"start":{"line":116,"column":13},"end":{"line":116,"column":35}},"type":"cond-expr","locations":[{"start":{"line":116,"column":21},"end":{"line":116,"column":27}},{"start":{"line":116,"column":30},"end":{"line":116,"column":35}}],"line":116},"9":{"loc":{"start":{"line":121,"column":4},"end":{"line":121,"column":37}},"type":"if","locations":[{"start":{"line":121,"column":4},"end":{"line":121,"column":37}},{"start":{},"end":{}}],"line":121},"10":{"loc":{"start":{"line":125,"column":4},"end":{"line":131,"column":5}},"type":"if","locations":[{"start":{"line":125,"column":4},"end":{"line":131,"column":5}},{"start":{},"end":{}}],"line":125},"11":{"loc":{"start":{"line":134,"column":6},"end":{"line":136,"column":7}},"type":"if","locations":[{"start":{"line":134,"column":6},"end":{"line":136,"column":7}},{"start":{},"end":{}}],"line":134},"12":{"loc":{"start":{"line":144,"column":6},"end":{"line":157,"column":7}},"type":"switch","locations":[{"start":{"line":145,"column":8},"end":{"line":149,"column":16}},{"start":{"line":150,"column":8},"end":{"line":154,"column":16}},{"start":{"line":155,"column":8},"end":{"line":156,"column":50}}],"line":144},"13":{"loc":{"start":{"line":147,"column":12},"end":{"line":147,"column":53}},"type":"cond-expr","locations":[{"start":{"line":147,"column":40},"end":{"line":147,"column":47}},{"start":{"line":147,"column":50},"end":{"line":147,"column":53}}],"line":147},"14":{"loc":{"start":{"line":152,"column":12},"end":{"line":152,"column":53}},"type":"cond-expr","locations":[{"start":{"line":152,"column":40},"end":{"line":152,"column":47}},{"start":{"line":152,"column":50},"end":{"line":152,"column":53}}],"line":152},"15":{"loc":{"start":{"line":174,"column":4},"end":{"line":176,"column":5}},"type":"if","locations":[{"start":{"line":174,"column":4},"end":{"line":176,"column":5}},{"start":{},"end":{}}],"line":174},"16":{"loc":{"start":{"line":226,"column":9},"end":{"line":280,"column":9}},"type":"binary-expr","locations":[{"start":{"line":226,"column":9},"end":{"line":226,"column":25}},{"start":{"line":227,"column":10},"end":{"line":279,"column":27}}],"line":226},"17":{"loc":{"start":{"line":235,"column":33},"end":{"line":235,"column":71}},"type":"cond-expr","locations":[{"start":{"line":235,"column":58},"end":{"line":235,"column":63}},{"start":{"line":235,"column":66},"end":{"line":235,"column":71}}],"line":235},"18":{"loc":{"start":{"line":244,"column":33},"end":{"line":244,"column":68}},"type":"cond-expr","locations":[{"start":{"line":244,"column":55},"end":{"line":244,"column":60}},{"start":{"line":244,"column":63},"end":{"line":244,"column":68}}],"line":244},"19":{"loc":{"start":{"line":253,"column":33},"end":{"line":253,"column":67}},"type":"cond-expr","locations":[{"start":{"line":253,"column":54},"end":{"line":253,"column":59}},{"start":{"line":253,"column":62},"end":{"line":253,"column":67}}],"line":253},"20":{"loc":{"start":{"line":270,"column":17},"end":{"line":276,"column":17}},"type":"binary-expr","locations":[{"start":{"line":270,"column":17},"end":{"line":270,"column":43}},{"start":{"line":271,"column":18},"end":{"line":275,"column":29}}],"line":270}},"s":{"0":0,"1":0,"2":0,"3":0,"4":0,"5":0,"6":0,"7":0,"8":0,"9":0,"10":1,"11":0,"12":0,"13":0,"14":0,"15":0,"16":0,"17":0,"18":0,"19":0,"20":0,"21":0,"22":0,"23":0,"24":0,"25":0,"26":0,"27":0,"28":0,"29":0,"30":0,"31":0,"32":0,"33":0,"34":0,"35":0,"36":0,"37":0,"38":0,"39":0,"40":0,"41":0,"42":0,"43":0,"44":0,"45":0,"46":0,"47":0,"48":0,"49":0,"50":0,"51":0,"52":0,"53":0,"54":0,"55":0,"56":0,"57":0,"58":0,"59":0,"60":0,"61":0,"62":0,"63":0,"64":0,"65":0,"66":0,"67":0,"68":0,"69":0,"70":0,"71":0,"72":0,"73":0,"74":0,"75":0,"76":0,"77":0,"78":0},"f":{"0":0,"1":0,"2":0,"3":0,"4":0,"5":0,"6":0,"7":0,"8":0,"9":0,"10":0,"11":0,"12":0,"13":0,"14":0,"15":0,"16":0,"17":0,"18":0,"19":0,"20":0,"21":0,"22":0,"23":0,"24":0},"b":{"0":[0,0],"1":[0,0],"2":[0,0],"3":[0,0],"4":[0,0],"5":[0,0],"6":[0,0],"7":[0,0],"8":[0,0],"9":[0,0],"10":[0,0],"11":[0,0],"12":[0,0,0],"13":[0,0],"14":[0,0],"15":[0,0],"16":[0,0],"17":[0,0],"18":[0,0],"19":[0,0],"20":[0,0]},"_coverageSchema":"1a1c01bbd47fc00a2c39e90264f33305004495a9","hash":"36b00feac9fa19288029c07d2ac98c33af1c0511"}
,"C:\\Users\\ehren\\fitness-tracker\\src\\components\\ActivityTracker.tsx": {"path":"C:\\Users\\ehren\\fitness-tracker\\src\\components\\ActivityTracker.tsx","statementMap":{"0":{"start":{"line":28,"column":26},"end":{"line":36,"column":1}},"1":{"start":{"line":53,"column":56},"end":{"line":349,"column":1}},"2":{"start":{"line":54,"column":34},"end":{"line":54,"column":46}},"3":{"start":{"line":55,"column":28},"end":{"line":55,"column":40}},"4":{"start":{"line":56,"column":32},"end":{"line":56,"column":62}},"5":{"start":{"line":57,"column":50},"end":{"line":57,"column":70}},"6":{"start":{"line":58,"column":48},"end":{"line":58,"column":78}},"7":{"start":{"line":59,"column":36},"end":{"line":59,"column":63}},"8":{"start":{"line":60,"column":44},"end":{"line":60,"column":75}},"9":{"start":{"line":61,"column":38},"end":{"line":61,"column":68}},"10":{"start":{"line":64,"column":2},"end":{"line":78,"column":9}},"11":{"start":{"line":65,"column":27},"end":{"line":75,"column":5}},"12":{"start":{"line":66,"column":6},"end":{"line":74,"column":7}},"13":{"start":{"line":67,"column":30},"end":{"line":67,"column":61}},"14":{"start":{"line":68,"column":30},"end":{"line":68,"column":57}},"15":{"start":{"line":69,"column":8},"end":{"line":71,"column":9}},"16":{"start":{"line":70,"column":10},"end":{"line":70,"column":51}},"17":{"start":{"line":73,"column":8},"end":{"line":73,"column":58}},"18":{"start":{"line":77,"column":4},"end":{"line":77,"column":21}},"19":{"start":{"line":81,"column":22},"end":{"line":93,"column":32}},"20":{"start":{"line":82,"column":4},"end":{"line":92,"column":7}},"21":{"start":{"line":83,"column":6},"end":{"line":91,"column":7}},"22":{"start":{"line":84,"column":8},"end":{"line":86,"column":68}},"23":{"start":{"line":88,"column":8},"end":{"line":90,"column":30}},"24":{"start":{"line":95,"column":22},"end":{"line":123,"column":51}},"25":{"start":{"line":96,"column":4},"end":{"line":122,"column":5}},"26":{"start":{"line":97,"column":6},"end":{"line":97,"column":61}},"27":{"start":{"line":98,"column":25},"end":{"line":98,"column":50}},"28":{"start":{"line":99,"column":16},"end":{"line":103,"column":7}},"29":{"start":{"line":104,"column":28},"end":{"line":104,"column":44}},"30":{"start":{"line":105,"column":28},"end":{"line":108,"column":29}},"31":{"start":{"line":105,"column":59},"end":{"line":108,"column":7}},"32":{"start":{"line":109,"column":6},"end":{"line":109,"column":51}},"33":{"start":{"line":110,"column":6},"end":{"line":110,"column":32}},"34":{"start":{"line":113,"column":21},"end":{"line":113,"column":34}},"35":{"start":{"line":114,"column":6},"end":{"line":116,"column":7}},"36":{"start":{"line":115,"column":8},"end":{"line":115,"column":83}},"37":{"start":{"line":115,"column":45},"end":{"line":115,"column":81}},"38":{"start":{"line":119,"column":6},"end":{"line":119,"column":48}},"39":{"start":{"line":121,"column":6},"end":{"line":121,"column":53}},"40":{"start":{"line":125,"column":2},"end":{"line":127,"column":20}},"41":{"start":{"line":126,"column":4},"end":{"line":126,"column":18}},"42":{"start":{"line":129,"column":31},"end":{"line":131,"column":3}},"43":{"start":{"line":130,"column":4},"end":{"line":130,"column":36}},"44":{"start":{"line":133,"column":23},"end":{"line":162,"column":3}},"45":{"start":{"line":134,"column":4},"end":{"line":134,"column":23}},"46":{"start":{"line":135,"column":4},"end":{"line":135,"column":53}},"47":{"start":{"line":135,"column":46},"end":{"line":135,"column":53}},"48":{"start":{"line":137,"column":4},"end":{"line":161,"column":5}},"49":{"start":{"line":138,"column":27},"end":{"line":138,"column":44}},"50":{"start":{"line":139,"column":21},"end":{"line":144,"column":7}},"51":{"start":{"line":146,"column":21},"end":{"line":146,"column":68}},"52":{"start":{"line":149,"column":6},"end":{"line":154,"column":9}},"53":{"start":{"line":156,"column":6},"end":{"line":156,"column":22}},"54":{"start":{"line":157,"column":6},"end":{"line":157,"column":19}},"55":{"start":{"line":158,"column":6},"end":{"line":158,"column":20}},"56":{"start":{"line":160,"column":6},"end":{"line":160,"column":55}},"57":{"start":{"line":164,"column":30},"end":{"line":172,"column":46}},"58":{"start":{"line":165,"column":19},"end":{"line":165,"column":31}},"59":{"start":{"line":167,"column":4},"end":{"line":169,"column":5}},"60":{"start":{"line":168,"column":6},"end":{"line":168,"column":81}},"61":{"start":{"line":168,"column":43},"end":{"line":168,"column":79}},"62":{"start":{"line":171,"column":4},"end":{"line":171,"column":46}},"63":{"start":{"line":175,"column":2},"end":{"line":177,"column":28}},"64":{"start":{"line":176,"column":4},"end":{"line":176,"column":26}},"65":{"start":{"line":179,"column":27},"end":{"line":188,"column":3}},"66":{"start":{"line":180,"column":4},"end":{"line":187,"column":5}},"67":{"start":{"line":182,"column":6},"end":{"line":182,"column":65}},"68":{"start":{"line":182,"column":31},"end":{"line":182,"column":63}},"69":{"start":{"line":185,"column":6},"end":{"line":185,"column":26}},"70":{"start":{"line":186,"column":6},"end":{"line":186,"column":31}},"71":{"start":{"line":190,"column":2},"end":{"line":348,"column":4}},"72":{"start":{"line":217,"column":22},"end":{"line":219,"column":33}},"73":{"start":{"line":229,"column":35},"end":{"line":229,"column":59}},"74":{"start":{"line":252,"column":37},"end":{"line":252,"column":72}},"75":{"start":{"line":257,"column":22},"end":{"line":259,"column":33}},"76":{"start":{"line":282,"column":37},"end":{"line":282,"column":61}},"77":{"start":{"line":291,"column":37},"end":{"line":291,"column":62}},"78":{"start":{"line":314,"column":20},"end":{"line":339,"column":31}}},"fnMap":{"0":{"name":"(anonymous_0)","decl":{"start":{"line":53,"column":56},"end":{"line":53,"column":57}},"loc":{"start":{"line":53,"column":78},"end":{"line":349,"column":1}},"line":53},"1":{"name":"(anonymous_1)","decl":{"start":{"line":64,"column":12},"end":{"line":64,"column":13}},"loc":{"start":{"line":64,"column":18},"end":{"line":78,"column":3}},"line":64},"2":{"name":"(anonymous_2)","decl":{"start":{"line":65,"column":27},"end":{"line":65,"column":28}},"loc":{"start":{"line":65,"column":39},"end":{"line":75,"column":5}},"line":65},"3":{"name":"(anonymous_3)","decl":{"start":{"line":81,"column":34},"end":{"line":81,"column":35}},"loc":{"start":{"line":81,"column":62},"end":{"line":93,"column":3}},"line":81},"4":{"name":"(anonymous_4)","decl":{"start":{"line":82,"column":26},"end":{"line":82,"column":27}},"loc":{"start":{"line":82,"column":36},"end":{"line":92,"column":5}},"line":82},"5":{"name":"(anonymous_5)","decl":{"start":{"line":95,"column":34},"end":{"line":95,"column":35}},"loc":{"start":{"line":95,"column":46},"end":{"line":123,"column":3}},"line":95},"6":{"name":"(anonymous_6)","decl":{"start":{"line":105,"column":51},"end":{"line":105,"column":52}},"loc":{"start":{"line":105,"column":59},"end":{"line":108,"column":7}},"line":105},"7":{"name":"(anonymous_7)","decl":{"start":{"line":115,"column":35},"end":{"line":115,"column":36}},"loc":{"start":{"line":115,"column":45},"end":{"line":115,"column":81}},"line":115},"8":{"name":"(anonymous_8)","decl":{"start":{"line":125,"column":12},"end":{"line":125,"column":13}},"loc":{"start":{"line":125,"column":18},"end":{"line":127,"column":3}},"line":125},"9":{"name":"(anonymous_9)","decl":{"start":{"line":129,"column":31},"end":{"line":129,"column":32}},"loc":{"start":{"line":129,"column":61},"end":{"line":131,"column":3}},"line":129},"10":{"name":"(anonymous_10)","decl":{"start":{"line":133,"column":23},"end":{"line":133,"column":24}},"loc":{"start":{"line":133,"column":53},"end":{"line":162,"column":3}},"line":133},"11":{"name":"(anonymous_11)","decl":{"start":{"line":164,"column":42},"end":{"line":164,"column":43}},"loc":{"start":{"line":164,"column":48},"end":{"line":172,"column":3}},"line":164},"12":{"name":"(anonymous_12)","decl":{"start":{"line":168,"column":33},"end":{"line":168,"column":34}},"loc":{"start":{"line":168,"column":43},"end":{"line":168,"column":79}},"line":168},"13":{"name":"(anonymous_13)","decl":{"start":{"line":175,"column":12},"end":{"line":175,"column":13}},"loc":{"start":{"line":175,"column":18},"end":{"line":177,"column":3}},"line":175},"14":{"name":"(anonymous_14)","decl":{"start":{"line":179,"column":27},"end":{"line":179,"column":28}},"loc":{"start":{"line":179,"column":49},"end":{"line":188,"column":3}},"line":179},"15":{"name":"(anonymous_15)","decl":{"start":{"line":182,"column":23},"end":{"line":182,"column":24}},"loc":{"start":{"line":182,"column":31},"end":{"line":182,"column":63}},"line":182},"16":{"name":"(anonymous_16)","decl":{"start":{"line":216,"column":36},"end":{"line":216,"column":37}},"loc":{"start":{"line":217,"column":22},"end":{"line":219,"column":33}},"line":217},"17":{"name":"(anonymous_17)","decl":{"start":{"line":229,"column":28},"end":{"line":229,"column":29}},"loc":{"start":{"line":229,"column":35},"end":{"line":229,"column":59}},"line":229},"18":{"name":"(anonymous_18)","decl":{"start":{"line":252,"column":30},"end":{"line":252,"column":31}},"loc":{"start":{"line":252,"column":37},"end":{"line":252,"column":72}},"line":252},"19":{"name":"(anonymous_19)","decl":{"start":{"line":256,"column":36},"end":{"line":256,"column":37}},"loc":{"start":{"line":257,"column":22},"end":{"line":259,"column":33}},"line":257},"20":{"name":"(anonymous_20)","decl":{"start":{"line":282,"column":31},"end":{"line":282,"column":32}},"loc":{"start":{"line":282,"column":37},"end":{"line":282,"column":61}},"line":282},"21":{"name":"(anonymous_21)","decl":{"start":{"line":291,"column":31},"end":{"line":291,"column":32}},"loc":{"start":{"line":291,"column":37},"end":{"line":291,"column":62}},"line":291},"22":{"name":"(anonymous_22)","decl":{"start":{"line":313,"column":39},"end":{"line":313,"column":40}},"loc":{"start":{"line":314,"column":20},"end":{"line":339,"column":31}},"line":314}},"branchMap":{"0":{"loc":{"start":{"line":69,"column":8},"end":{"line":71,"column":9}},"type":"if","locations":[{"start":{"line":69,"column":8},"end":{"line":71,"column":9}},{"start":{},"end":{}}],"line":69},"1":{"loc":{"start":{"line":83,"column":6},"end":{"line":91,"column":7}},"type":"if","locations":[{"start":{"line":83,"column":6},"end":{"line":91,"column":7}},{"start":{"line":87,"column":13},"end":{"line":91,"column":7}}],"line":83},"2":{"loc":{"start":{"line":84,"column":15},"end":{"line":86,"column":67}},"type":"cond-expr","locations":[{"start":{"line":85,"column":12},"end":{"line":85,"column":67}},{"start":{"line":86,"column":12},"end":{"line":86,"column":67}}],"line":84},"3":{"loc":{"start":{"line":88,"column":15},"end":{"line":90,"column":29}},"type":"cond-expr","locations":[{"start":{"line":89,"column":12},"end":{"line":89,"column":29}},{"start":{"line":90,"column":12},"end":{"line":90,"column":29}}],"line":88},"4":{"loc":{"start":{"line":114,"column":6},"end":{"line":116,"column":7}},"type":"if","locations":[{"start":{"line":114,"column":6},"end":{"line":116,"column":7}},{"start":{},"end":{}}],"line":114},"5":{"loc":{"start":{"line":135,"column":4},"end":{"line":135,"column":53}},"type":"if","locations":[{"start":{"line":135,"column":4},"end":{"line":135,"column":53}},{"start":{},"end":{}}],"line":135},"6":{"loc":{"start":{"line":135,"column":8},"end":{"line":135,"column":44}},"type":"binary-expr","locations":[{"start":{"line":135,"column":8},"end":{"line":135,"column":17}},{"start":{"line":135,"column":21},"end":{"line":135,"column":27}},{"start":{"line":135,"column":31},"end":{"line":135,"column":44}}],"line":135},"7":{"loc":{"start":{"line":167,"column":4},"end":{"line":169,"column":5}},"type":"if","locations":[{"start":{"line":167,"column":4},"end":{"line":169,"column":5}},{"start":{},"end":{}}],"line":167},"8":{"loc":{"start":{"line":180,"column":4},"end":{"line":187,"column":5}},"type":"if","locations":[{"start":{"line":180,"column":4},"end":{"line":187,"column":5}},{"start":{"line":183,"column":11},"end":{"line":187,"column":5}}],"line":180},"9":{"loc":{"start":{"line":182,"column":31},"end":{"line":182,"column":63}},"type":"cond-expr","locations":[{"start":{"line":182,"column":49},"end":{"line":182,"column":54}},{"start":{"line":182,"column":57},"end":{"line":182,"column":63}}],"line":182},"10":{"loc":{"start":{"line":285,"column":28},"end":{"line":287,"column":23}},"type":"binary-expr","locations":[{"start":{"line":285,"column":28},"end":{"line":285,"column":48}},{"start":{"line":286,"column":24},"end":{"line":286,"column":86}}],"line":285},"11":{"loc":{"start":{"line":286,"column":24},"end":{"line":286,"column":86}},"type":"cond-expr","locations":[{"start":{"line":286,"column":51},"end":{"line":286,"column":68}},{"start":{"line":286,"column":71},"end":{"line":286,"column":86}}],"line":286},"12":{"loc":{"start":{"line":294,"column":29},"end":{"line":296,"column":23}},"type":"binary-expr","locations":[{"start":{"line":294,"column":29},"end":{"line":294,"column":50}},{"start":{"line":295,"column":24},"end":{"line":295,"column":86}}],"line":294},"13":{"loc":{"start":{"line":295,"column":24},"end":{"line":295,"column":86}},"type":"cond-expr","locations":[{"start":{"line":295,"column":51},"end":{"line":295,"column":68}},{"start":{"line":295,"column":71},"end":{"line":295,"column":86}}],"line":295},"14":{"loc":{"start":{"line":302,"column":15},"end":{"line":307,"column":15}},"type":"binary-expr","locations":[{"start":{"line":302,"column":15},"end":{"line":302,"column":31}},{"start":{"line":303,"column":16},"end":{"line":306,"column":18}}],"line":302},"15":{"loc":{"start":{"line":309,"column":15},"end":{"line":342,"column":15}},"type":"cond-expr","locations":[{"start":{"line":310,"column":16},"end":{"line":310,"column":66}},{"start":{"line":312,"column":16},"end":{"line":341,"column":23}}],"line":309}},"s":{"0":1,"1":1,"2":0,"3":0,"4":0,"5":0,"6":0,"7":0,"8":0,"9":0,"10":0,"11":0,"12":0,"13":0,"14":0,"15":0,"16":0,"17":0,"18":0,"19":0,"20":0,"21":0,"22":0,"23":0,"24":0,"25":0,"26":0,"27":0,"28":0,"29":0,"30":0,"31":0,"32":0,"33":0,"34":0,"35":0,"36":0,"37":0,"38":0,"39":0,"40":0,"41":0,"42":0,"43":0,"44":0,"45":0,"46":0,"47":0,"48":0,"49":0,"50":0,"51":0,"52":0,"53":0,"54":0,"55":0,"56":0,"57":0,"58":0,"59":0,"60":0,"61":0,"62":0,"63":0,"64":0,"65":0,"66":0,"67":0,"68":0,"69":0,"70":0,"71":0,"72":0,"73":0,"74":0,"75":0,"76":0,"77":0,"78":0},"f":{"0":0,"1":0,"2":0,"3":0,"4":0,"5":0,"6":0,"7":0,"8":0,"9":0,"10":0,"11":0,"12":0,"13":0,"14":0,"15":0,"16":0,"17":0,"18":0,"19":0,"20":0,"21":0,"22":0},"b":{"0":[0,0],"1":[0,0],"2":[0,0],"3":[0,0],"4":[0,0],"5":[0,0],"6":[0,0,0],"7":[0,0],"8":[0,0],"9":[0,0],"10":[0,0],"11":[0,0],"12":[0,0],"13":[0,0],"14":[0,0],"15":[0,0]},"_coverageSchema":"1a1c01bbd47fc00a2c39e90264f33305004495a9","hash":"54cb4b1b2e6089604d4a6ce22ba3fdfe2209e5dd"}
,"C:\\Users\\ehren\\fitness-tracker\\src\\components\\AdminPanel.tsx": {"path":"C:\\Users\\ehren\\fitness-tracker\\src\\components\\AdminPanel.tsx","statementMap":{"0":{"start":{"line":44,"column":29},"end":{"line":473,"column":1}},"1":{"start":{"line":45,"column":32},"end":{"line":45,"column":54}},"2":{"start":{"line":46,"column":38},"end":{"line":46,"column":53}},"3":{"start":{"line":47,"column":46},"end":{"line":47,"column":75}},"4":{"start":{"line":48,"column":36},"end":{"line":48,"column":48}},"5":{"start":{"line":49,"column":48},"end":{"line":49,"column":63}},"6":{"start":{"line":50,"column":34},"end":{"line":50,"column":46}},"7":{"start":{"line":51,"column":28},"end":{"line":51,"column":57}},"8":{"start":{"line":52,"column":36},"end":{"line":52,"column":63}},"9":{"start":{"line":53,"column":44},"end":{"line":53,"column":75}},"10":{"start":{"line":54,"column":52},"end":{"line":54,"column":67}},"11":{"start":{"line":55,"column":40},"end":{"line":55,"column":52}},"12":{"start":{"line":56,"column":58},"end":{"line":56,"column":73}},"13":{"start":{"line":57,"column":38},"end":{"line":57,"column":68}},"14":{"start":{"line":59,"column":25},"end":{"line":75,"column":3}},"15":{"start":{"line":60,"column":4},"end":{"line":74,"column":5}},"16":{"start":{"line":61,"column":25},"end":{"line":61,"column":50}},"17":{"start":{"line":62,"column":16},"end":{"line":62,"column":58}},"18":{"start":{"line":63,"column":28},"end":{"line":63,"column":44}},"19":{"start":{"line":64,"column":29},"end":{"line":67,"column":21}},"20":{"start":{"line":64,"column":60},"end":{"line":67,"column":7}},"21":{"start":{"line":68,"column":6},"end":{"line":68,"column":54}},"22":{"start":{"line":69,"column":6},"end":{"line":69,"column":33}},"23":{"start":{"line":70,"column":6},"end":{"line":70,"column":21}},"24":{"start":{"line":72,"column":6},"end":{"line":72,"column":51}},"25":{"start":{"line":73,"column":6},"end":{"line":73,"column":60}},"26":{"start":{"line":78,"column":24},"end":{"line":99,"column":4}},"27":{"start":{"line":79,"column":21},"end":{"line":79,"column":22}},"28":{"start":{"line":81,"column":4},"end":{"line":96,"column":5}},"29":{"start":{"line":83,"column":8},"end":{"line":83,"column":58}},"30":{"start":{"line":84,"column":8},"end":{"line":84,"column":14}},"31":{"start":{"line":86,"column":8},"end":{"line":86,"column":58}},"32":{"start":{"line":87,"column":8},"end":{"line":87,"column":14}},"33":{"start":{"line":89,"column":8},"end":{"line":89,"column":77}},"34":{"start":{"line":90,"column":8},"end":{"line":90,"column":14}},"35":{"start":{"line":92,"column":8},"end":{"line":92,"column":39}},"36":{"start":{"line":93,"column":8},"end":{"line":93,"column":14}},"37":{"start":{"line":95,"column":8},"end":{"line":95,"column":23}},"38":{"start":{"line":98,"column":4},"end":{"line":98,"column":62}},"39":{"start":{"line":101,"column":21},"end":{"line":108,"column":3}},"40":{"start":{"line":102,"column":4},"end":{"line":107,"column":5}},"41":{"start":{"line":103,"column":6},"end":{"line":103,"column":64}},"42":{"start":{"line":103,"column":31},"end":{"line":103,"column":62}},"43":{"start":{"line":105,"column":6},"end":{"line":105,"column":26}},"44":{"start":{"line":106,"column":6},"end":{"line":106,"column":30}},"45":{"start":{"line":110,"column":2},"end":{"line":114,"column":24}},"46":{"start":{"line":111,"column":4},"end":{"line":113,"column":5}},"47":{"start":{"line":112,"column":6},"end":{"line":112,"column":23}},"48":{"start":{"line":116,"column":2},"end":{"line":118,"column":16}},"49":{"start":{"line":117,"column":4},"end":{"line":117,"column":45}},"50":{"start":{"line":120,"column":21},"end":{"line":124,"column":3}},"51":{"start":{"line":121,"column":4},"end":{"line":121,"column":30}},"52":{"start":{"line":122,"column":4},"end":{"line":122,"column":42}},"53":{"start":{"line":123,"column":4},"end":{"line":123,"column":24}},"54":{"start":{"line":126,"column":25},"end":{"line":141,"column":3}},"55":{"start":{"line":127,"column":4},"end":{"line":127,"column":32}},"56":{"start":{"line":127,"column":25},"end":{"line":127,"column":32}},"57":{"start":{"line":129,"column":4},"end":{"line":140,"column":5}},"58":{"start":{"line":130,"column":24},"end":{"line":130,"column":61}},"59":{"start":{"line":131,"column":6},"end":{"line":133,"column":9}},"60":{"start":{"line":134,"column":6},"end":{"line":134,"column":27}},"61":{"start":{"line":135,"column":6},"end":{"line":135,"column":29}},"62":{"start":{"line":136,"column":6},"end":{"line":136,"column":21}},"63":{"start":{"line":138,"column":6},"end":{"line":138,"column":51}},"64":{"start":{"line":139,"column":6},"end":{"line":139,"column":61}},"65":{"start":{"line":143,"column":29},"end":{"line":163,"column":3}},"66":{"start":{"line":144,"column":4},"end":{"line":162,"column":5}},"67":{"start":{"line":145,"column":24},"end":{"line":145,"column":52}},"68":{"start":{"line":146,"column":24},"end":{"line":146,"column":47}},"69":{"start":{"line":147,"column":25},"end":{"line":147,"column":41}},"70":{"start":{"line":149,"column":6},"end":{"line":149,"column":33}},"71":{"start":{"line":152,"column":6},"end":{"line":156,"column":9}},"72":{"start":{"line":158,"column":6},"end":{"line":158,"column":29}},"73":{"start":{"line":160,"column":6},"end":{"line":160,"column":53}},"74":{"start":{"line":161,"column":6},"end":{"line":161,"column":61}},"75":{"start":{"line":165,"column":22},"end":{"line":174,"column":3}},"76":{"start":{"line":166,"column":26},"end":{"line":166,"column":62}},"77":{"start":{"line":167,"column":4},"end":{"line":172,"column":5}},"78":{"start":{"line":168,"column":6},"end":{"line":168,"column":31}},"79":{"start":{"line":169,"column":6},"end":{"line":169,"column":21}},"80":{"start":{"line":171,"column":6},"end":{"line":171,"column":35}},"81":{"start":{"line":173,"column":4},"end":{"line":173,"column":20}},"82":{"start":{"line":176,"column":23},"end":{"line":180,"column":3}},"83":{"start":{"line":177,"column":4},"end":{"line":177,"column":30}},"84":{"start":{"line":178,"column":4},"end":{"line":178,"column":19}},"85":{"start":{"line":179,"column":4},"end":{"line":179,"column":19}},"86":{"start":{"line":182,"column":28},"end":{"line":202,"column":3}},"87":{"start":{"line":183,"column":4},"end":{"line":183,"column":36}},"88":{"start":{"line":183,"column":29},"end":{"line":183,"column":36}},"89":{"start":{"line":185,"column":4},"end":{"line":201,"column":5}},"90":{"start":{"line":186,"column":32},"end":{"line":186,"column":67}},"91":{"start":{"line":187,"column":28},"end":{"line":187,"column":59}},"92":{"start":{"line":188,"column":6},"end":{"line":188,"column":63}},"93":{"start":{"line":191,"column":6},"end":{"line":193,"column":9}},"94":{"start":{"line":195,"column":6},"end":{"line":195,"column":39}},"95":{"start":{"line":196,"column":6},"end":{"line":196,"column":34}},"96":{"start":{"line":197,"column":6},"end":{"line":197,"column":25}},"97":{"start":{"line":199,"column":6},"end":{"line":199,"column":53}},"98":{"start":{"line":200,"column":6},"end":{"line":200,"column":60}},"99":{"start":{"line":204,"column":31},"end":{"line":220,"column":3}},"100":{"start":{"line":205,"column":4},"end":{"line":219,"column":5}},"101":{"start":{"line":206,"column":32},"end":{"line":206,"column":70}},"102":{"start":{"line":206,"column":55},"end":{"line":206,"column":69}},"103":{"start":{"line":207,"column":28},"end":{"line":207,"column":59}},"104":{"start":{"line":208,"column":6},"end":{"line":208,"column":63}},"105":{"start":{"line":211,"column":6},"end":{"line":213,"column":9}},"106":{"start":{"line":215,"column":6},"end":{"line":215,"column":39}},"107":{"start":{"line":217,"column":6},"end":{"line":217,"column":55}},"108":{"start":{"line":218,"column":6},"end":{"line":218,"column":63}},"109":{"start":{"line":223,"column":2},"end":{"line":243,"column":24}},"110":{"start":{"line":224,"column":27},"end":{"line":238,"column":5}},"111":{"start":{"line":225,"column":6},"end":{"line":237,"column":7}},"112":{"start":{"line":226,"column":30},"end":{"line":226,"column":61}},"113":{"start":{"line":227,"column":30},"end":{"line":227,"column":57}},"114":{"start":{"line":228,"column":8},"end":{"line":233,"column":9}},"115":{"start":{"line":229,"column":10},"end":{"line":229,"column":51}},"116":{"start":{"line":232,"column":10},"end":{"line":232,"column":60}},"117":{"start":{"line":235,"column":8},"end":{"line":235,"column":56}},"118":{"start":{"line":236,"column":8},"end":{"line":236,"column":65}},"119":{"start":{"line":240,"column":4},"end":{"line":242,"column":5}},"120":{"start":{"line":241,"column":6},"end":{"line":241,"column":23}},"121":{"start":{"line":245,"column":2},"end":{"line":280,"column":3}},"122":{"start":{"line":246,"column":4},"end":{"line":279,"column":6}},"123":{"start":{"line":252,"column":51},"end":{"line":252,"column":70}},"124":{"start":{"line":252,"column":71},"end":{"line":252,"column":85}},"125":{"start":{"line":258,"column":31},"end":{"line":258,"column":58}},"126":{"start":{"line":259,"column":33},"end":{"line":259,"column":67}},"127":{"start":{"line":282,"column":2},"end":{"line":472,"column":4}},"128":{"start":{"line":293,"column":29},"end":{"line":293,"column":55}},"129":{"start":{"line":300,"column":29},"end":{"line":300,"column":58}},"130":{"start":{"line":330,"column":37},"end":{"line":330,"column":59}},"131":{"start":{"line":339,"column":37},"end":{"line":339,"column":59}},"132":{"start":{"line":348,"column":37},"end":{"line":348,"column":56}},"133":{"start":{"line":357,"column":37},"end":{"line":357,"column":55}},"134":{"start":{"line":367,"column":18},"end":{"line":390,"column":29}},"135":{"start":{"line":377,"column":39},"end":{"line":377,"column":57}},"136":{"start":{"line":385,"column":39},"end":{"line":385,"column":68}},"137":{"start":{"line":398,"column":56},"end":{"line":398,"column":83}},"138":{"start":{"line":407,"column":31},"end":{"line":407,"column":61}},"139":{"start":{"line":412,"column":35},"end":{"line":412,"column":62}},"140":{"start":{"line":422,"column":25},"end":{"line":422,"column":55}},"141":{"start":{"line":430,"column":16},"end":{"line":441,"column":27}},"142":{"start":{"line":436,"column":37},"end":{"line":436,"column":67}},"143":{"start":{"line":446,"column":35},"end":{"line":446,"column":65}},"144":{"start":{"line":450,"column":49},"end":{"line":450,"column":69}},"145":{"start":{"line":460,"column":31},"end":{"line":460,"column":59}},"146":{"start":{"line":464,"column":35},"end":{"line":464,"column":55}}},"fnMap":{"0":{"name":"(anonymous_0)","decl":{"start":{"line":44,"column":29},"end":{"line":44,"column":30}},"loc":{"start":{"line":44,"column":35},"end":{"line":473,"column":1}},"line":44},"1":{"name":"(anonymous_1)","decl":{"start":{"line":59,"column":25},"end":{"line":59,"column":26}},"loc":{"start":{"line":59,"column":37},"end":{"line":75,"column":3}},"line":59},"2":{"name":"(anonymous_2)","decl":{"start":{"line":64,"column":52},"end":{"line":64,"column":53}},"loc":{"start":{"line":64,"column":60},"end":{"line":67,"column":7}},"line":64},"3":{"name":"(anonymous_3)","decl":{"start":{"line":78,"column":42},"end":{"line":78,"column":43}},"loc":{"start":{"line":78,"column":52},"end":{"line":99,"column":3}},"line":78},"4":{"name":"(anonymous_4)","decl":{"start":{"line":101,"column":21},"end":{"line":101,"column":22}},"loc":{"start":{"line":101,"column":43},"end":{"line":108,"column":3}},"line":101},"5":{"name":"(anonymous_5)","decl":{"start":{"line":103,"column":23},"end":{"line":103,"column":24}},"loc":{"start":{"line":103,"column":31},"end":{"line":103,"column":62}},"line":103},"6":{"name":"(anonymous_6)","decl":{"start":{"line":110,"column":12},"end":{"line":110,"column":13}},"loc":{"start":{"line":110,"column":18},"end":{"line":114,"column":3}},"line":110},"7":{"name":"(anonymous_7)","decl":{"start":{"line":116,"column":12},"end":{"line":116,"column":13}},"loc":{"start":{"line":116,"column":18},"end":{"line":118,"column":3}},"line":116},"8":{"name":"(anonymous_8)","decl":{"start":{"line":120,"column":21},"end":{"line":120,"column":22}},"loc":{"start":{"line":120,"column":41},"end":{"line":124,"column":3}},"line":120},"9":{"name":"(anonymous_9)","decl":{"start":{"line":126,"column":25},"end":{"line":126,"column":26}},"loc":{"start":{"line":126,"column":37},"end":{"line":141,"column":3}},"line":126},"10":{"name":"(anonymous_10)","decl":{"start":{"line":143,"column":29},"end":{"line":143,"column":30}},"loc":{"start":{"line":143,"column":57},"end":{"line":163,"column":3}},"line":143},"11":{"name":"(anonymous_11)","decl":{"start":{"line":165,"column":22},"end":{"line":165,"column":23}},"loc":{"start":{"line":165,"column":28},"end":{"line":174,"column":3}},"line":165},"12":{"name":"(anonymous_12)","decl":{"start":{"line":176,"column":23},"end":{"line":176,"column":24}},"loc":{"start":{"line":176,"column":29},"end":{"line":180,"column":3}},"line":176},"13":{"name":"(anonymous_13)","decl":{"start":{"line":182,"column":28},"end":{"line":182,"column":29}},"loc":{"start":{"line":182,"column":40},"end":{"line":202,"column":3}},"line":182},"14":{"name":"(anonymous_14)","decl":{"start":{"line":204,"column":31},"end":{"line":204,"column":32}},"loc":{"start":{"line":204,"column":59},"end":{"line":220,"column":3}},"line":204},"15":{"name":"(anonymous_15)","decl":{"start":{"line":206,"column":50},"end":{"line":206,"column":51}},"loc":{"start":{"line":206,"column":55},"end":{"line":206,"column":69}},"line":206},"16":{"name":"(anonymous_16)","decl":{"start":{"line":223,"column":12},"end":{"line":223,"column":13}},"loc":{"start":{"line":223,"column":18},"end":{"line":243,"column":3}},"line":223},"17":{"name":"(anonymous_17)","decl":{"start":{"line":224,"column":27},"end":{"line":224,"column":28}},"loc":{"start":{"line":224,"column":39},"end":{"line":238,"column":5}},"line":224},"18":{"name":"(anonymous_18)","decl":{"start":{"line":252,"column":42},"end":{"line":252,"column":43}},"loc":{"start":{"line":252,"column":49},"end":{"line":252,"column":87}},"line":252},"19":{"name":"(anonymous_19)","decl":{"start":{"line":258,"column":24},"end":{"line":258,"column":25}},"loc":{"start":{"line":258,"column":31},"end":{"line":258,"column":58}},"line":258},"20":{"name":"(anonymous_20)","decl":{"start":{"line":259,"column":26},"end":{"line":259,"column":27}},"loc":{"start":{"line":259,"column":33},"end":{"line":259,"column":67}},"line":259},"21":{"name":"(anonymous_21)","decl":{"start":{"line":293,"column":23},"end":{"line":293,"column":24}},"loc":{"start":{"line":293,"column":29},"end":{"line":293,"column":55}},"line":293},"22":{"name":"(anonymous_22)","decl":{"start":{"line":300,"column":23},"end":{"line":300,"column":24}},"loc":{"start":{"line":300,"column":29},"end":{"line":300,"column":58}},"line":300},"23":{"name":"(anonymous_23)","decl":{"start":{"line":330,"column":31},"end":{"line":330,"column":32}},"loc":{"start":{"line":330,"column":37},"end":{"line":330,"column":59}},"line":330},"24":{"name":"(anonymous_24)","decl":{"start":{"line":339,"column":31},"end":{"line":339,"column":32}},"loc":{"start":{"line":339,"column":37},"end":{"line":339,"column":59}},"line":339},"25":{"name":"(anonymous_25)","decl":{"start":{"line":348,"column":31},"end":{"line":348,"column":32}},"loc":{"start":{"line":348,"column":37},"end":{"line":348,"column":56}},"line":348},"26":{"name":"(anonymous_26)","decl":{"start":{"line":357,"column":31},"end":{"line":357,"column":32}},"loc":{"start":{"line":357,"column":37},"end":{"line":357,"column":55}},"line":357},"27":{"name":"(anonymous_27)","decl":{"start":{"line":366,"column":35},"end":{"line":366,"column":36}},"loc":{"start":{"line":367,"column":18},"end":{"line":390,"column":29}},"line":367},"28":{"name":"(anonymous_28)","decl":{"start":{"line":377,"column":33},"end":{"line":377,"column":34}},"loc":{"start":{"line":377,"column":39},"end":{"line":377,"column":57}},"line":377},"29":{"name":"(anonymous_29)","decl":{"start":{"line":385,"column":33},"end":{"line":385,"column":34}},"loc":{"start":{"line":385,"column":39},"end":{"line":385,"column":68}},"line":385},"30":{"name":"(anonymous_30)","decl":{"start":{"line":398,"column":50},"end":{"line":398,"column":51}},"loc":{"start":{"line":398,"column":56},"end":{"line":398,"column":83}},"line":398},"31":{"name":"(anonymous_31)","decl":{"start":{"line":407,"column":24},"end":{"line":407,"column":25}},"loc":{"start":{"line":407,"column":31},"end":{"line":407,"column":61}},"line":407},"32":{"name":"(anonymous_32)","decl":{"start":{"line":412,"column":29},"end":{"line":412,"column":30}},"loc":{"start":{"line":412,"column":35},"end":{"line":412,"column":62}},"line":412},"33":{"name":"(anonymous_33)","decl":{"start":{"line":422,"column":19},"end":{"line":422,"column":20}},"loc":{"start":{"line":422,"column":25},"end":{"line":422,"column":55}},"line":422},"34":{"name":"(anonymous_34)","decl":{"start":{"line":429,"column":30},"end":{"line":429,"column":31}},"loc":{"start":{"line":430,"column":16},"end":{"line":441,"column":27}},"line":430},"35":{"name":"(anonymous_35)","decl":{"start":{"line":436,"column":31},"end":{"line":436,"column":32}},"loc":{"start":{"line":436,"column":37},"end":{"line":436,"column":67}},"line":436},"36":{"name":"(anonymous_36)","decl":{"start":{"line":446,"column":29},"end":{"line":446,"column":30}},"loc":{"start":{"line":446,"column":35},"end":{"line":446,"column":65}},"line":446},"37":{"name":"(anonymous_37)","decl":{"start":{"line":450,"column":43},"end":{"line":450,"column":44}},"loc":{"start":{"line":450,"column":49},"end":{"line":450,"column":69}},"line":450},"38":{"name":"(anonymous_38)","decl":{"start":{"line":460,"column":24},"end":{"line":460,"column":25}},"loc":{"start":{"line":460,"column":31},"end":{"line":460,"column":59}},"line":460},"39":{"name":"(anonymous_39)","decl":{"start":{"line":464,"column":29},"end":{"line":464,"column":30}},"loc":{"start":{"line":464,"column":35},"end":{"line":464,"column":55}},"line":464}},"branchMap":{"0":{"loc":{"start":{"line":81,"column":4},"end":{"line":96,"column":5}},"type":"switch","locations":[{"start":{"line":82,"column":6},"end":{"line":84,"column":14}},{"start":{"line":85,"column":6},"end":{"line":87,"column":14}},{"start":{"line":88,"column":6},"end":{"line":90,"column":14}},{"start":{"line":91,"column":6},"end":{"line":93,"column":14}},{"start":{"line":94,"column":6},"end":{"line":95,"column":23}}],"line":81},"1":{"loc":{"start":{"line":98,"column":11},"end":{"line":98,"column":61}},"type":"cond-expr","locations":[{"start":{"line":98,"column":37},"end":{"line":98,"column":47}},{"start":{"line":98,"column":50},"end":{"line":98,"column":61}}],"line":98},"2":{"loc":{"start":{"line":102,"column":4},"end":{"line":107,"column":5}},"type":"if","locations":[{"start":{"line":102,"column":4},"end":{"line":107,"column":5}},{"start":{"line":104,"column":11},"end":{"line":107,"column":5}}],"line":102},"3":{"loc":{"start":{"line":103,"column":31},"end":{"line":103,"column":62}},"type":"cond-expr","locations":[{"start":{"line":103,"column":48},"end":{"line":103,"column":54}},{"start":{"line":103,"column":57},"end":{"line":103,"column":62}}],"line":103},"4":{"loc":{"start":{"line":111,"column":4},"end":{"line":113,"column":5}},"type":"if","locations":[{"start":{"line":111,"column":4},"end":{"line":113,"column":5}},{"start":{},"end":{}}],"line":111},"5":{"loc":{"start":{"line":127,"column":4},"end":{"line":127,"column":32}},"type":"if","locations":[{"start":{"line":127,"column":4},"end":{"line":127,"column":32}},{"start":{},"end":{}}],"line":127},"6":{"loc":{"start":{"line":167,"column":4},"end":{"line":172,"column":5}},"type":"if","locations":[{"start":{"line":167,"column":4},"end":{"line":172,"column":5}},{"start":{"line":170,"column":11},"end":{"line":172,"column":5}}],"line":167},"7":{"loc":{"start":{"line":183,"column":4},"end":{"line":183,"column":36}},"type":"if","locations":[{"start":{"line":183,"column":4},"end":{"line":183,"column":36}},{"start":{},"end":{}}],"line":183},"8":{"loc":{"start":{"line":228,"column":8},"end":{"line":233,"column":9}},"type":"if","locations":[{"start":{"line":228,"column":8},"end":{"line":233,"column":9}},{"start":{"line":230,"column":15},"end":{"line":233,"column":9}}],"line":228},"9":{"loc":{"start":{"line":240,"column":4},"end":{"line":242,"column":5}},"type":"if","locations":[{"start":{"line":240,"column":4},"end":{"line":242,"column":5}},{"start":{},"end":{}}],"line":240},"10":{"loc":{"start":{"line":245,"column":2},"end":{"line":280,"column":3}},"type":"if","locations":[{"start":{"line":245,"column":2},"end":{"line":280,"column":3}},{"start":{},"end":{}}],"line":245},"11":{"loc":{"start":{"line":259,"column":33},"end":{"line":259,"column":67}},"type":"binary-expr","locations":[{"start":{"line":259,"column":33},"end":{"line":259,"column":50}},{"start":{"line":259,"column":54},"end":{"line":259,"column":67}}],"line":259},"12":{"loc":{"start":{"line":271,"column":13},"end":{"line":275,"column":13}},"type":"binary-expr","locations":[{"start":{"line":271,"column":13},"end":{"line":271,"column":18}},{"start":{"line":272,"column":14},"end":{"line":274,"column":22}}],"line":271},"13":{"loc":{"start":{"line":310,"column":9},"end":{"line":314,"column":9}},"type":"binary-expr","locations":[{"start":{"line":310,"column":9},"end":{"line":310,"column":14}},{"start":{"line":311,"column":10},"end":{"line":313,"column":18}}],"line":310},"14":{"loc":{"start":{"line":329,"column":33},"end":{"line":329,"column":81}},"type":"cond-expr","locations":[{"start":{"line":329,"column":60},"end":{"line":329,"column":73}},{"start":{"line":329,"column":76},"end":{"line":329,"column":81}}],"line":329},"15":{"loc":{"start":{"line":338,"column":33},"end":{"line":338,"column":81}},"type":"cond-expr","locations":[{"start":{"line":338,"column":60},"end":{"line":338,"column":73}},{"start":{"line":338,"column":76},"end":{"line":338,"column":81}}],"line":338},"16":{"loc":{"start":{"line":347,"column":33},"end":{"line":347,"column":78}},"type":"cond-expr","locations":[{"start":{"line":347,"column":57},"end":{"line":347,"column":70}},{"start":{"line":347,"column":73},"end":{"line":347,"column":78}}],"line":347},"17":{"loc":{"start":{"line":356,"column":33},"end":{"line":356,"column":77}},"type":"cond-expr","locations":[{"start":{"line":356,"column":56},"end":{"line":356,"column":69}},{"start":{"line":356,"column":72},"end":{"line":356,"column":77}}],"line":356}},"s":{"0":1,"1":0,"2":0,"3":0,"4":0,"5":0,"6":0,"7":0,"8":0,"9":0,"10":0,"11":0,"12":0,"13":0,"14":0,"15":0,"16":0,"17":0,"18":0,"19":0,"20":0,"21":0,"22":0,"23":0,"24":0,"25":0,"26":0,"27":0,"28":0,"29":0,"30":0,"31":0,"32":0,"33":0,"34":0,"35":0,"36":0,"37":0,"38":0,"39":0,"40":0,"41":0,"42":0,"43":0,"44":0,"45":0,"46":0,"47":0,"48":0,"49":0,"50":0,"51":0,"52":0,"53":0,"54":0,"55":0,"56":0,"57":0,"58":0,"59":0,"60":0,"61":0,"62":0,"63":0,"64":0,"65":0,"66":0,"67":0,"68":0,"69":0,"70":0,"71":0,"72":0,"73":0,"74":0,"75":0,"76":0,"77":0,"78":0,"79":0,"80":0,"81":0,"82":0,"83":0,"84":0,"85":0,"86":0,"87":0,"88":0,"89":0,"90":0,"91":0,"92":0,"93":0,"94":0,"95":0,"96":0,"97":0,"98":0,"99":0,"100":0,"101":0,"102":0,"103":0,"104":0,"105":0,"106":0,"107":0,"108":0,"109":0,"110":0,"111":0,"112":0,"113":0,"114":0,"115":0,"116":0,"117":0,"118":0,"119":0,"120":0,"121":0,"122":0,"123":0,"124":0,"125":0,"126":0,"127":0,"128":0,"129":0,"130":0,"131":0,"132":0,"133":0,"134":0,"135":0,"136":0,"137":0,"138":0,"139":0,"140":0,"141":0,"142":0,"143":0,"144":0,"145":0,"146":0},"f":{"0":0,"1":0,"2":0,"3":0,"4":0,"5":0,"6":0,"7":0,"8":0,"9":0,"10":0,"11":0,"12":0,"13":0,"14":0,"15":0,"16":0,"17":0,"18":0,"19":0,"20":0,"21":0,"22":0,"23":0,"24":0,"25":0,"26":0,"27":0,"28":0,"29":0,"30":0,"31":0,"32":0,"33":0,"34":0,"35":0,"36":0,"37":0,"38":0,"39":0},"b":{"0":[0,0,0,0,0],"1":[0,0],"2":[0,0],"3":[0,0],"4":[0,0],"5":[0,0],"6":[0,0],"7":[0,0],"8":[0,0],"9":[0,0],"10":[0,0],"11":[0,0],"12":[0,0],"13":[0,0],"14":[0,0],"15":[0,0],"16":[0,0],"17":[0,0]},"_coverageSchema":"1a1c01bbd47fc00a2c39e90264f33305004495a9","hash":"a743044c9307a61338feedc630ef4e6c93a7b8d4"}
,"C:\\Users\\ehren\\fitness-tracker\\src\\components\\Login.tsx": {"path":"C:\\Users\\ehren\\fitness-tracker\\src\\components\\Login.tsx","statementMap":{"0":{"start":{"line":6,"column":24},"end":{"line":109,"column":1}},"1":{"start":{"line":7,"column":28},"end":{"line":7,"column":37}},"2":{"start":{"line":8,"column":19},"end":{"line":8,"column":32}},"3":{"start":{"line":9,"column":28},"end":{"line":9,"column":40}},"4":{"start":{"line":10,"column":34},"end":{"line":10,"column":46}},"5":{"start":{"line":11,"column":34},"end":{"line":11,"column":49}},"6":{"start":{"line":12,"column":28},"end":{"line":12,"column":40}},"7":{"start":{"line":14,"column":23},"end":{"line":28,"column":3}},"8":{"start":{"line":15,"column":4},"end":{"line":15,"column":23}},"9":{"start":{"line":16,"column":4},"end":{"line":16,"column":17}},"10":{"start":{"line":18,"column":4},"end":{"line":27,"column":5}},"11":{"start":{"line":19,"column":6},"end":{"line":23,"column":7}},"12":{"start":{"line":20,"column":8},"end":{"line":20,"column":38}},"13":{"start":{"line":22,"column":8},"end":{"line":22,"column":37}},"14":{"start":{"line":24,"column":6},"end":{"line":24,"column":20}},"15":{"start":{"line":26,"column":6},"end":{"line":26,"column":58}},"16":{"start":{"line":30,"column":2},"end":{"line":108,"column":4}},"17":{"start":{"line":71,"column":31},"end":{"line":71,"column":55}},"18":{"start":{"line":83,"column":31},"end":{"line":83,"column":58}},"19":{"start":{"line":97,"column":31},"end":{"line":97,"column":53}}},"fnMap":{"0":{"name":"(anonymous_0)","decl":{"start":{"line":6,"column":24},"end":{"line":6,"column":25}},"loc":{"start":{"line":6,"column":30},"end":{"line":109,"column":1}},"line":6},"1":{"name":"(anonymous_1)","decl":{"start":{"line":14,"column":23},"end":{"line":14,"column":24}},"loc":{"start":{"line":14,"column":53},"end":{"line":28,"column":3}},"line":14},"2":{"name":"(anonymous_2)","decl":{"start":{"line":71,"column":24},"end":{"line":71,"column":25}},"loc":{"start":{"line":71,"column":31},"end":{"line":71,"column":55}},"line":71},"3":{"name":"(anonymous_3)","decl":{"start":{"line":83,"column":24},"end":{"line":83,"column":25}},"loc":{"start":{"line":83,"column":31},"end":{"line":83,"column":58}},"line":83},"4":{"name":"(anonymous_4)","decl":{"start":{"line":97,"column":25},"end":{"line":97,"column":26}},"loc":{"start":{"line":97,"column":31},"end":{"line":97,"column":53}},"line":97}},"branchMap":{"0":{"loc":{"start":{"line":19,"column":6},"end":{"line":23,"column":7}},"type":"if","locations":[{"start":{"line":19,"column":6},"end":{"line":23,"column":7}},{"start":{"line":21,"column":13},"end":{"line":23,"column":7}}],"line":19},"1":{"loc":{"start":{"line":26,"column":15},"end":{"line":26,"column":56}},"type":"binary-expr","locations":[{"start":{"line":26,"column":15},"end":{"line":26,"column":28}},{"start":{"line":26,"column":32},"end":{"line":26,"column":56}}],"line":26},"2":{"loc":{"start":{"line":51,"column":13},"end":{"line":51,"column":43}},"type":"cond-expr","locations":[{"start":{"line":51,"column":24},"end":{"line":51,"column":33}},{"start":{"line":51,"column":36},"end":{"line":51,"column":43}}],"line":51},"3":{"loc":{"start":{"line":54,"column":11},"end":{"line":58,"column":11}},"type":"binary-expr","locations":[{"start":{"line":54,"column":11},"end":{"line":54,"column":16}},{"start":{"line":55,"column":12},"end":{"line":57,"column":25}}],"line":54},"4":{"loc":{"start":{"line":81,"column":28},"end":{"line":81,"column":74}},"type":"cond-expr","locations":[{"start":{"line":81,"column":39},"end":{"line":81,"column":53}},{"start":{"line":81,"column":56},"end":{"line":81,"column":74}}],"line":81},"5":{"loc":{"start":{"line":91,"column":15},"end":{"line":91,"column":45}},"type":"cond-expr","locations":[{"start":{"line":91,"column":26},"end":{"line":91,"column":35}},{"start":{"line":91,"column":38},"end":{"line":91,"column":45}}],"line":91},"6":{"loc":{"start":{"line":99,"column":17},"end":{"line":101,"column":52}},"type":"cond-expr","locations":[{"start":{"line":100,"column":20},"end":{"line":100,"column":52}},{"start":{"line":101,"column":20},"end":{"line":101,"column":52}}],"line":99}},"s":{"0":1,"1":1,"2":1,"3":1,"4":1,"5":1,"6":1,"7":1,"8":0,"9":0,"10":0,"11":0,"12":0,"13":0,"14":0,"15":0,"16":1,"17":0,"18":0,"19":0},"f":{"0":1,"1":0,"2":0,"3":0,"4":0},"b":{"0":[0,0],"1":[0,0],"2":[0,1],"3":[1,0],"4":[0,1],"5":[0,1],"6":[0,1]},"_coverageSchema":"1a1c01bbd47fc00a2c39e90264f33305004495a9","hash":"1c08c3d3c0cc16e92bf46bfa62f729f84acf04e9"}
,"C:\\Users\\ehren\\fitness-tracker\\src\\components\\ProtectedRoute.tsx": {"path":"C:\\Users\\ehren\\fitness-tracker\\src\\components\\ProtectedRoute.tsx","statementMap":{"0":{"start":{"line":9,"column":54},"end":{"line":21,"column":1}},"1":{"start":{"line":10,"column":35},"end":{"line":10,"column":44}},"2":{"start":{"line":12,"column":2},"end":{"line":14,"column":3}},"3":{"start":{"line":13,"column":4},"end":{"line":13,"column":33}},"4":{"start":{"line":16,"column":2},"end":{"line":18,"column":3}},"5":{"start":{"line":17,"column":4},"end":{"line":17,"column":36}},"6":{"start":{"line":20,"column":2},"end":{"line":20,"column":25}}},"fnMap":{"0":{"name":"(anonymous_0)","decl":{"start":{"line":9,"column":54},"end":{"line":9,"column":55}},"loc":{"start":{"line":9,"column":72},"end":{"line":21,"column":1}},"line":9}},"branchMap":{"0":{"loc":{"start":{"line":12,"column":2},"end":{"line":14,"column":3}},"type":"if","locations":[{"start":{"line":12,"column":2},"end":{"line":14,"column":3}},{"start":{},"end":{}}],"line":12},"1":{"loc":{"start":{"line":16,"column":2},"end":{"line":18,"column":3}},"type":"if","locations":[{"start":{"line":16,"column":2},"end":{"line":18,"column":3}},{"start":{},"end":{}}],"line":16}},"s":{"0":1,"1":1,"2":1,"3":0,"4":1,"5":1,"6":0},"f":{"0":1},"b":{"0":[0,1],"1":[1,0]},"_coverageSchema":"1a1c01bbd47fc00a2c39e90264f33305004495a9","hash":"89cd7d1eae6a4c5c37ce73e2468680302251275e"}
,"C:\\Users\\ehren\\fitness-tracker\\src\\components\\UserList.tsx": {"path":"C:\\Users\\ehren\\fitness-tracker\\src\\components\\UserList.tsx","statementMap":{"0":{"start":{"line":23,"column":42},"end":{"line":131,"column":1}},"1":{"start":{"line":24,"column":28},"end":{"line":24,"column":72}},"2":{"start":{"line":25,"column":32},"end":{"line":25,"column":46}},"3":{"start":{"line":26,"column":38},"end":{"line":26,"column":50}},"4":{"start":{"line":27,"column":19},"end":{"line":27,"column":32}},"5":{"start":{"line":29,"column":2},"end":{"line":31,"column":9}},"6":{"start":{"line":30,"column":4},"end":{"line":30,"column":16}},"7":{"start":{"line":33,"column":20},"end":{"line":63,"column":3}},"8":{"start":{"line":34,"column":4},"end":{"line":62,"column":5}},"9":{"start":{"line":35,"column":23},"end":{"line":35,"column":46}},"10":{"start":{"line":36,"column":16},"end":{"line":36,"column":48}},"11":{"start":{"line":37,"column":28},"end":{"line":37,"column":44}},"12":{"start":{"line":40,"column":26},"end":{"line":40,"column":35}},"13":{"start":{"line":42,"column":6},"end":{"line":51,"column":9}},"14":{"start":{"line":43,"column":25},"end":{"line":43,"column":35}},"15":{"start":{"line":45,"column":8},"end":{"line":50,"column":9}},"16":{"start":{"line":46,"column":10},"end":{"line":49,"column":13}},"17":{"start":{"line":54,"column":24},"end":{"line":55,"column":53}},"18":{"start":{"line":55,"column":24},"end":{"line":55,"column":52}},"19":{"start":{"line":57,"column":6},"end":{"line":57,"column":26}},"20":{"start":{"line":58,"column":6},"end":{"line":58,"column":24}},"21":{"start":{"line":60,"column":6},"end":{"line":60,"column":51}},"22":{"start":{"line":61,"column":6},"end":{"line":61,"column":24}},"23":{"start":{"line":65,"column":24},"end":{"line":67,"column":3}},"24":{"start":{"line":66,"column":4},"end":{"line":66,"column":62}},"25":{"start":{"line":69,"column":26},"end":{"line":72,"column":3}},"26":{"start":{"line":70,"column":4},"end":{"line":70,"column":27}},"27":{"start":{"line":71,"column":4},"end":{"line":71,"column":25}},"28":{"start":{"line":74,"column":2},"end":{"line":130,"column":4}},"29":{"start":{"line":95,"column":27},"end":{"line":95,"column":56}},"30":{"start":{"line":113,"column":12},"end":{"line":117,"column":23}},"31":{"start":{"line":114,"column":45},"end":{"line":114,"column":71}}},"fnMap":{"0":{"name":"(anonymous_0)","decl":{"start":{"line":23,"column":42},"end":{"line":23,"column":43}},"loc":{"start":{"line":23,"column":64},"end":{"line":131,"column":1}},"line":23},"1":{"name":"(anonymous_1)","decl":{"start":{"line":29,"column":12},"end":{"line":29,"column":13}},"loc":{"start":{"line":29,"column":18},"end":{"line":31,"column":3}},"line":29},"2":{"name":"(anonymous_2)","decl":{"start":{"line":33,"column":20},"end":{"line":33,"column":21}},"loc":{"start":{"line":33,"column":32},"end":{"line":63,"column":3}},"line":33},"3":{"name":"(anonymous_3)","decl":{"start":{"line":42,"column":33},"end":{"line":42,"column":34}},"loc":{"start":{"line":42,"column":40},"end":{"line":51,"column":7}},"line":42},"4":{"name":"(anonymous_4)","decl":{"start":{"line":55,"column":14},"end":{"line":55,"column":15}},"loc":{"start":{"line":55,"column":24},"end":{"line":55,"column":52}},"line":55},"5":{"name":"(anonymous_5)","decl":{"start":{"line":65,"column":37},"end":{"line":65,"column":38}},"loc":{"start":{"line":66,"column":4},"end":{"line":66,"column":62}},"line":66},"6":{"name":"(anonymous_6)","decl":{"start":{"line":69,"column":26},"end":{"line":69,"column":27}},"loc":{"start":{"line":69,"column":48},"end":{"line":72,"column":3}},"line":69},"7":{"name":"(anonymous_7)","decl":{"start":{"line":95,"column":20},"end":{"line":95,"column":21}},"loc":{"start":{"line":95,"column":27},"end":{"line":95,"column":56}},"line":95},"8":{"name":"(anonymous_8)","decl":{"start":{"line":112,"column":29},"end":{"line":112,"column":30}},"loc":{"start":{"line":113,"column":12},"end":{"line":117,"column":23}},"line":113},"9":{"name":"(anonymous_9)","decl":{"start":{"line":114,"column":39},"end":{"line":114,"column":40}},"loc":{"start":{"line":114,"column":45},"end":{"line":114,"column":71}},"line":114}},"branchMap":{"0":{"loc":{"start":{"line":45,"column":8},"end":{"line":50,"column":9}},"type":"if","locations":[{"start":{"line":45,"column":8},"end":{"line":50,"column":9}},{"start":{},"end":{}}],"line":45},"1":{"loc":{"start":{"line":106,"column":7},"end":{"line":128,"column":7}},"type":"cond-expr","locations":[{"start":{"line":107,"column":8},"end":{"line":109,"column":14}},{"start":{"line":111,"column":8},"end":{"line":127,"column":15}}],"line":106},"2":{"loc":{"start":{"line":119,"column":11},"end":{"line":126,"column":11}},"type":"binary-expr","locations":[{"start":{"line":119,"column":11},"end":{"line":119,"column":37}},{"start":{"line":120,"column":12},"end":{"line":125,"column":23}}],"line":119},"3":{"loc":{"start":{"line":123,"column":27},"end":{"line":123,"column":108}},"type":"cond-expr","locations":[{"start":{"line":123,"column":40},"end":{"line":123,"column":69}},{"start":{"line":123,"column":72},"end":{"line":123,"column":108}}],"line":123}},"s":{"0":1,"1":0,"2":0,"3":0,"4":0,"5":0,"6":0,"7":0,"8":0,"9":0,"10":0,"11":0,"12":0,"13":0,"14":0,"15":0,"16":0,"17":0,"18":0,"19":0,"20":0,"21":0,"22":0,"23":0,"24":0,"25":0,"26":0,"27":0,"28":0,"29":0,"30":0,"31":0},"f":{"0":0,"1":0,"2":0,"3":0,"4":0,"5":0,"6":0,"7":0,"8":0,"9":0},"b":{"0":[0,0],"1":[0,0],"2":[0,0],"3":[0,0]},"_coverageSchema":"1a1c01bbd47fc00a2c39e90264f33305004495a9","hash":"eb2a090d43900359b5ef0aa16442ba72847daba5"}
,"C:\\Users\\ehren\\fitness-tracker\\src\\components\\UserRegistration.tsx": {"path":"C:\\Users\\ehren\\fitness-tracker\\src\\components\\UserRegistration.tsx","statementMap":{"0":{"start":{"line":11,"column":58},"end":{"line":92,"column":1}},"1":{"start":{"line":12,"column":26},"end":{"line":12,"column":38}},"2":{"start":{"line":13,"column":28},"end":{"line":13,"column":57}},"3":{"start":{"line":14,"column":19},"end":{"line":14,"column":32}},"4":{"start":{"line":16,"column":25},"end":{"line":56,"column":3}},"5":{"start":{"line":17,"column":4},"end":{"line":20,"column":5}},"6":{"start":{"line":18,"column":6},"end":{"line":18,"column":38}},"7":{"start":{"line":19,"column":6},"end":{"line":19,"column":13}},"8":{"start":{"line":22,"column":4},"end":{"line":55,"column":5}},"9":{"start":{"line":24,"column":23},"end":{"line":24,"column":46}},"10":{"start":{"line":25,"column":16},"end":{"line":25,"column":65}},"11":{"start":{"line":26,"column":28},"end":{"line":26,"column":44}},"12":{"start":{"line":28,"column":6},"end":{"line":31,"column":7}},"13":{"start":{"line":29,"column":8},"end":{"line":29,"column":97}},"14":{"start":{"line":30,"column":8},"end":{"line":30,"column":15}},"15":{"start":{"line":34,"column":22},"end":{"line":37,"column":7}},"16":{"start":{"line":39,"column":22},"end":{"line":39,"column":53}},"17":{"start":{"line":42,"column":6},"end":{"line":46,"column":9}},"18":{"start":{"line":48,"column":6},"end":{"line":48,"column":33}},"19":{"start":{"line":49,"column":6},"end":{"line":49,"column":18}},"20":{"start":{"line":50,"column":6},"end":{"line":50,"column":21}},"21":{"start":{"line":51,"column":6},"end":{"line":51,"column":27}},"22":{"start":{"line":53,"column":6},"end":{"line":53,"column":54}},"23":{"start":{"line":54,"column":6},"end":{"line":54,"column":73}},"24":{"start":{"line":58,"column":2},"end":{"line":91,"column":4}},"25":{"start":{"line":73,"column":12},"end":{"line":73,"column":36}},"26":{"start":{"line":74,"column":12},"end":{"line":74,"column":27}}},"fnMap":{"0":{"name":"(anonymous_0)","decl":{"start":{"line":11,"column":58},"end":{"line":11,"column":59}},"loc":{"start":{"line":11,"column":80},"end":{"line":92,"column":1}},"line":11},"1":{"name":"(anonymous_1)","decl":{"start":{"line":16,"column":25},"end":{"line":16,"column":26}},"loc":{"start":{"line":16,"column":37},"end":{"line":56,"column":3}},"line":16},"2":{"name":"(anonymous_2)","decl":{"start":{"line":72,"column":20},"end":{"line":72,"column":21}},"loc":{"start":{"line":72,"column":27},"end":{"line":75,"column":11}},"line":72}},"branchMap":{"0":{"loc":{"start":{"line":17,"column":4},"end":{"line":20,"column":5}},"type":"if","locations":[{"start":{"line":17,"column":4},"end":{"line":20,"column":5}},{"start":{},"end":{}}],"line":17},"1":{"loc":{"start":{"line":28,"column":6},"end":{"line":31,"column":7}},"type":"if","locations":[{"start":{"line":28,"column":6},"end":{"line":31,"column":7}},{"start":{},"end":{}}],"line":28}},"s":{"0":1,"1":0,"2":0,"3":0,"4":0,"5":0,"6":0,"7":0,"8":0,"9":0,"10":0,"11":0,"12":0,"13":0,"14":0,"15":0,"16":0,"17":0,"18":0,"19":0,"20":0,"21":0,"22":0,"23":0,"24":0,"25":0,"26":0},"f":{"0":0,"1":0,"2":0},"b":{"0":[0,0],"1":[0,0]},"_coverageSchema":"1a1c01bbd47fc00a2c39e90264f33305004495a9","hash":"9d048759337c9aae84aa7999b330f9429f11e1e5"}
,"C:\\Users\\ehren\\fitness-tracker\\src\\contexts\\AuthContext.tsx": {"path":"C:\\Users\\ehren\\fitness-tracker\\src\\contexts\\AuthContext.tsx","statementMap":{"0":{"start":{"line":19,"column":20},"end":{"line":19,"column":63}},"1":{"start":{"line":21,"column":23},"end":{"line":27,"column":1}},"2":{"start":{"line":22,"column":18},"end":{"line":22,"column":41}},"3":{"start":{"line":23,"column":2},"end":{"line":25,"column":3}},"4":{"start":{"line":24,"column":4},"end":{"line":24,"column":67}},"5":{"start":{"line":26,"column":2},"end":{"line":26,"column":17}},"6":{"start":{"line":29,"column":69},"end":{"line":82,"column":1}},"7":{"start":{"line":30,"column":40},"end":{"line":30,"column":67}},"8":{"start":{"line":31,"column":32},"end":{"line":31,"column":46}},"9":{"start":{"line":33,"column":2},"end":{"line":40,"column":9}},"10":{"start":{"line":34,"column":24},"end":{"line":37,"column":6}},"11":{"start":{"line":35,"column":6},"end":{"line":35,"column":27}},"12":{"start":{"line":36,"column":6},"end":{"line":36,"column":24}},"13":{"start":{"line":39,"column":4},"end":{"line":39,"column":23}},"14":{"start":{"line":42,"column":17},"end":{"line":49,"column":3}},"15":{"start":{"line":43,"column":4},"end":{"line":48,"column":5}},"16":{"start":{"line":44,"column":6},"end":{"line":44,"column":66}},"17":{"start":{"line":46,"column":6},"end":{"line":46,"column":48}},"18":{"start":{"line":47,"column":6},"end":{"line":47,"column":18}},"19":{"start":{"line":51,"column":16},"end":{"line":58,"column":3}},"20":{"start":{"line":52,"column":4},"end":{"line":57,"column":5}},"21":{"start":{"line":53,"column":6},"end":{"line":53,"column":62}},"22":{"start":{"line":55,"column":6},"end":{"line":55,"column":48}},"23":{"start":{"line":56,"column":6},"end":{"line":56,"column":18}},"24":{"start":{"line":60,"column":17},"end":{"line":67,"column":3}},"25":{"start":{"line":61,"column":4},"end":{"line":66,"column":5}},"26":{"start":{"line":62,"column":6},"end":{"line":62,"column":26}},"27":{"start":{"line":64,"column":6},"end":{"line":64,"column":49}},"28":{"start":{"line":65,"column":6},"end":{"line":65,"column":18}},"29":{"start":{"line":69,"column":16},"end":{"line":75,"column":3}},"30":{"start":{"line":77,"column":2},"end":{"line":81,"column":4}}},"fnMap":{"0":{"name":"(anonymous_0)","decl":{"start":{"line":21,"column":23},"end":{"line":21,"column":24}},"loc":{"start":{"line":21,"column":29},"end":{"line":27,"column":1}},"line":21},"1":{"name":"(anonymous_1)","decl":{"start":{"line":29,"column":69},"end":{"line":29,"column":70}},"loc":{"start":{"line":29,"column":87},"end":{"line":82,"column":1}},"line":29},"2":{"name":"(anonymous_2)","decl":{"start":{"line":33,"column":12},"end":{"line":33,"column":13}},"loc":{"start":{"line":33,"column":18},"end":{"line":40,"column":3}},"line":33},"3":{"name":"(anonymous_3)","decl":{"start":{"line":34,"column":49},"end":{"line":34,"column":50}},"loc":{"start":{"line":34,"column":59},"end":{"line":37,"column":5}},"line":34},"4":{"name":"(anonymous_4)","decl":{"start":{"line":42,"column":17},"end":{"line":42,"column":18}},"loc":{"start":{"line":42,"column":60},"end":{"line":49,"column":3}},"line":42},"5":{"name":"(anonymous_5)","decl":{"start":{"line":51,"column":16},"end":{"line":51,"column":17}},"loc":{"start":{"line":51,"column":59},"end":{"line":58,"column":3}},"line":51},"6":{"name":"(anonymous_6)","decl":{"start":{"line":60,"column":17},"end":{"line":60,"column":18}},"loc":{"start":{"line":60,"column":29},"end":{"line":67,"column":3}},"line":60}},"branchMap":{"0":{"loc":{"start":{"line":23,"column":2},"end":{"line":25,"column":3}},"type":"if","locations":[{"start":{"line":23,"column":2},"end":{"line":25,"column":3}},{"start":{},"end":{}}],"line":23},"1":{"loc":{"start":{"line":79,"column":7},"end":{"line":79,"column":27}},"type":"binary-expr","locations":[{"start":{"line":79,"column":7},"end":{"line":79,"column":15}},{"start":{"line":79,"column":19},"end":{"line":79,"column":27}}],"line":79}},"s":{"0":0,"1":0,"2":0,"3":0,"4":0,"5":0,"6":0,"7":0,"8":0,"9":0,"10":0,"11":0,"12":0,"13":0,"14":0,"15":0,"16":0,"17":0,"18":0,"19":0,"20":0,"21":0,"22":0,"23":0,"24":0,"25":0,"26":0,"27":0,"28":0,"29":0,"30":0},"f":{"0":0,"1":0,"2":0,"3":0,"4":0,"5":0,"6":0},"b":{"0":[0,0],"1":[0,0]}}
,"C:\\Users\\ehren\\fitness-tracker\\src\\styles\\background.tsx": {"path":"C:\\Users\\ehren\\fitness-tracker\\src\\styles\\background.tsx","statementMap":{"0":{"start":{"line":5,"column":35},"end":{"line":26,"column":2}},"1":{"start":{"line":28,"column":32},"end":{"line":31,"column":2}}},"fnMap":{},"branchMap":{},"s":{"0":1,"1":1},"f":{},"b":{},"_coverageSchema":"1a1c01bbd47fc00a2c39e90264f33305004495a9","hash":"d898488b642b3b8020ecd6befbfd9d5d311276ac"}
,"C:\\Users\\ehren\\fitness-tracker\\src\\types\\images.d.ts": {"path":"C:\\Users\\ehren\\fitness-tracker\\src\\types\\images.d.ts","statementMap":{},"fnMap":{},"branchMap":{},"s":{},"f":{},"b":{}}
}
