TN:
SF:src\App.tsx
FN:14,(anonymous_0)
FN:18,(anonymous_1)
FN:26,(anonymous_2)
FN:30,(anonymous_3)
FN:75,(anonymous_4)
FN:99,(anonymous_5)
FN:116,(anonymous_6)
FNF:7
FNH:2
FNDA:2,(anonymous_0)
FNDA:0,(anonymous_1)
FNDA:0,(anonymous_2)
FNDA:0,(anonymous_3)
FNDA:1,(anonymous_4)
FNDA:0,(anonymous_5)
FNDA:0,(anonymous_6)
DA:14,1
DA:15,2
DA:16,2
DA:18,2
DA:19,0
DA:20,0
DA:22,0
DA:26,2
DA:27,0
DA:30,2
DA:31,0
DA:34,2
DA:75,1
DA:76,1
DA:77,1
DA:79,1
DA:99,0
DA:116,0
LF:18
LH:11
BRDA:40,0,0,2
BRDA:40,0,1,0
BRDA:94,1,0,1
BRDA:94,1,1,0
BRDA:94,1,2,0
BRDA:107,2,0,1
BRDA:107,2,1,0
BRDA:110,3,0,0
BRDA:110,3,1,0
BRF:9
BRH:3
end_of_record
TN:
SF:src\firebase.ts
FN:23,(anonymous_0)
FNF:1
FNH:0
FNDA:0,(anonymous_0)
DA:6,0
DA:17,0
DA:18,0
DA:19,0
DA:20,0
DA:23,0
DA:24,0
DA:25,0
DA:27,0
LF:9
LH:0
BRF:0
BRH:0
end_of_record
TN:
SF:src\main.tsx
FNF:0
FNH:0
DA:6,0
LF:1
LH:0
BRF:0
BRH:0
end_of_record
TN:
SF:src\theme.ts
FNF:0
FNH:0
DA:3,1
LF:1
LH:1
BRF:0
BRH:0
end_of_record
TN:
SF:src\vite-env.d.ts
FNF:0
FNH:0
LF:0
LH:0
BRF:0
BRH:0
end_of_record
TN:
SF:src\components\ActivityGraph.tsx
FN:49,(anonymous_0)
FN:53,(anonymous_1)
FN:58,(anonymous_2)
FN:64,(anonymous_3)
FN:114,(anonymous_4)
FNF:5
FNH:0
FNDA:0,(anonymous_0)
FNDA:0,(anonymous_1)
FNDA:0,(anonymous_2)
FNDA:0,(anonymous_3)
FNDA:0,(anonymous_4)
DA:26,1
DA:49,1
DA:50,0
DA:53,0
DA:54,0
DA:57,0
DA:59,0
DA:64,0
DA:73,0
DA:104,0
DA:105,0
DA:114,0
DA:115,0
DA:119,0
DA:129,0
LF:15
LH:2
BRDA:90,0,0,0
BRDA:90,0,1,0
BRDA:104,1,0,0
BRDA:104,1,1,0
BRF:4
BRH:0
end_of_record
TN:
SF:src\components\ActivityLeaderboard.tsx
FN:44,descendingComparator
FN:57,getComparator
FN:62,(anonymous_2)
FN:63,(anonymous_3)
FN:66,(anonymous_4)
FN:75,(anonymous_5)
FN:76,(anonymous_6)
FN:91,(anonymous_7)
FN:98,(anonymous_8)
FN:108,(anonymous_9)
FN:114,(anonymous_10)
FN:120,(anonymous_11)
FN:123,(anonymous_12)
FN:126,(anonymous_13)
FN:133,(anonymous_14)
FN:141,(anonymous_15)
FN:146,(anonymous_16)
FN:151,(anonymous_17)
FN:169,(anonymous_18)
FN:173,(anonymous_19)
FN:198,(anonymous_20)
FN:236,(anonymous_21)
FN:245,(anonymous_22)
FN:254,(anonymous_23)
FN:262,(anonymous_24)
FNF:25
FNH:0
FNDA:0,descendingComparator
FNDA:0,getComparator
FNDA:0,(anonymous_2)
FNDA:0,(anonymous_3)
FNDA:0,(anonymous_4)
FNDA:0,(anonymous_5)
FNDA:0,(anonymous_6)
FNDA:0,(anonymous_7)
FNDA:0,(anonymous_8)
FNDA:0,(anonymous_9)
FNDA:0,(anonymous_10)
FNDA:0,(anonymous_11)
FNDA:0,(anonymous_12)
FNDA:0,(anonymous_13)
FNDA:0,(anonymous_14)
FNDA:0,(anonymous_15)
FNDA:0,(anonymous_16)
FNDA:0,(anonymous_17)
FNDA:0,(anonymous_18)
FNDA:0,(anonymous_19)
FNDA:0,(anonymous_20)
FNDA:0,(anonymous_21)
FNDA:0,(anonymous_22)
FNDA:0,(anonymous_23)
FNDA:0,(anonymous_24)
DA:45,0
DA:46,0
DA:48,0
DA:49,0
DA:51,0
DA:52,0
DA:54,0
DA:61,0
DA:62,0
DA:63,0
DA:66,1
DA:67,0
DA:68,0
DA:69,0
DA:70,0
DA:71,0
DA:72,0
DA:75,0
DA:76,0
DA:77,0
DA:78,0
DA:79,0
DA:80,0
DA:81,0
DA:84,0
DA:88,0
DA:91,0
DA:92,0
DA:94,0
DA:95,0
DA:96,0
DA:97,0
DA:98,0
DA:102,0
DA:104,0
DA:108,0
DA:109,0
DA:110,0
DA:114,0
DA:115,0
DA:116,0
DA:117,0
DA:120,0
DA:121,0
DA:123,0
DA:125,0
DA:126,0
DA:133,0
DA:134,0
DA:135,0
DA:137,0
DA:138,0
DA:141,0
DA:144,0
DA:146,0
DA:147,0
DA:149,0
DA:151,0
DA:152,0
DA:154,0
DA:156,0
DA:159,0
DA:167,0
DA:169,0
DA:170,0
DA:173,0
DA:174,0
DA:175,0
DA:179,0
DA:199,0
DA:236,0
DA:245,0
DA:254,0
DA:263,0
LF:74
LH:1
BRDA:45,0,0,0
BRDA:45,0,1,0
BRDA:48,1,0,0
BRDA:48,1,1,0
BRDA:51,2,0,0
BRDA:51,2,1,0
BRDA:61,3,0,0
BRDA:61,3,1,0
BRDA:80,4,0,0
BRDA:80,4,1,0
BRDA:92,5,0,0
BRDA:92,5,1,0
BRDA:109,6,0,0
BRDA:109,6,1,0
BRDA:115,7,0,0
BRDA:115,7,1,0
BRDA:116,8,0,0
BRDA:116,8,1,0
BRDA:121,9,0,0
BRDA:121,9,1,0
BRDA:125,10,0,0
BRDA:125,10,1,0
BRDA:134,11,0,0
BRDA:134,11,1,0
BRDA:144,12,0,0
BRDA:144,12,1,0
BRDA:144,12,2,0
BRDA:147,13,0,0
BRDA:147,13,1,0
BRDA:152,14,0,0
BRDA:152,14,1,0
BRDA:174,15,0,0
BRDA:174,15,1,0
BRDA:226,16,0,0
BRDA:226,16,1,0
BRDA:235,17,0,0
BRDA:235,17,1,0
BRDA:244,18,0,0
BRDA:244,18,1,0
BRDA:253,19,0,0
BRDA:253,19,1,0
BRDA:270,20,0,0
BRDA:270,20,1,0
BRF:43
BRH:0
end_of_record
TN:
SF:src\components\ActivityTracker.tsx
FN:53,(anonymous_0)
FN:64,(anonymous_1)
FN:65,(anonymous_2)
FN:81,(anonymous_3)
FN:82,(anonymous_4)
FN:95,(anonymous_5)
FN:105,(anonymous_6)
FN:115,(anonymous_7)
FN:125,(anonymous_8)
FN:129,(anonymous_9)
FN:133,(anonymous_10)
FN:164,(anonymous_11)
FN:168,(anonymous_12)
FN:175,(anonymous_13)
FN:179,(anonymous_14)
FN:182,(anonymous_15)
FN:216,(anonymous_16)
FN:229,(anonymous_17)
FN:252,(anonymous_18)
FN:256,(anonymous_19)
FN:282,(anonymous_20)
FN:291,(anonymous_21)
FN:313,(anonymous_22)
FNF:23
FNH:0
FNDA:0,(anonymous_0)
FNDA:0,(anonymous_1)
FNDA:0,(anonymous_2)
FNDA:0,(anonymous_3)
FNDA:0,(anonymous_4)
FNDA:0,(anonymous_5)
FNDA:0,(anonymous_6)
FNDA:0,(anonymous_7)
FNDA:0,(anonymous_8)
FNDA:0,(anonymous_9)
FNDA:0,(anonymous_10)
FNDA:0,(anonymous_11)
FNDA:0,(anonymous_12)
FNDA:0,(anonymous_13)
FNDA:0,(anonymous_14)
FNDA:0,(anonymous_15)
FNDA:0,(anonymous_16)
FNDA:0,(anonymous_17)
FNDA:0,(anonymous_18)
FNDA:0,(anonymous_19)
FNDA:0,(anonymous_20)
FNDA:0,(anonymous_21)
FNDA:0,(anonymous_22)
DA:28,1
DA:53,1
DA:54,0
DA:55,0
DA:56,0
DA:57,0
DA:58,0
DA:59,0
DA:60,0
DA:61,0
DA:64,0
DA:65,0
DA:66,0
DA:67,0
DA:68,0
DA:69,0
DA:70,0
DA:73,0
DA:77,0
DA:81,0
DA:82,0
DA:83,0
DA:84,0
DA:88,0
DA:95,0
DA:96,0
DA:97,0
DA:98,0
DA:99,0
DA:104,0
DA:105,0
DA:109,0
DA:110,0
DA:113,0
DA:114,0
DA:115,0
DA:119,0
DA:121,0
DA:125,0
DA:126,0
DA:129,0
DA:130,0
DA:133,0
DA:134,0
DA:135,0
DA:137,0
DA:138,0
DA:139,0
DA:146,0
DA:149,0
DA:156,0
DA:157,0
DA:158,0
DA:160,0
DA:164,0
DA:165,0
DA:167,0
DA:168,0
DA:171,0
DA:175,0
DA:176,0
DA:179,0
DA:180,0
DA:182,0
DA:185,0
DA:186,0
DA:190,0
DA:217,0
DA:229,0
DA:252,0
DA:257,0
DA:282,0
DA:291,0
DA:314,0
LF:74
LH:2
BRDA:69,0,0,0
BRDA:69,0,1,0
BRDA:83,1,0,0
BRDA:83,1,1,0
BRDA:84,2,0,0
BRDA:84,2,1,0
BRDA:88,3,0,0
BRDA:88,3,1,0
BRDA:114,4,0,0
BRDA:114,4,1,0
BRDA:135,5,0,0
BRDA:135,5,1,0
BRDA:135,6,0,0
BRDA:135,6,1,0
BRDA:135,6,2,0
BRDA:167,7,0,0
BRDA:167,7,1,0
BRDA:180,8,0,0
BRDA:180,8,1,0
BRDA:182,9,0,0
BRDA:182,9,1,0
BRDA:285,10,0,0
BRDA:285,10,1,0
BRDA:286,11,0,0
BRDA:286,11,1,0
BRDA:294,12,0,0
BRDA:294,12,1,0
BRDA:295,13,0,0
BRDA:295,13,1,0
BRDA:302,14,0,0
BRDA:302,14,1,0
BRDA:309,15,0,0
BRDA:309,15,1,0
BRF:33
BRH:0
end_of_record
TN:
SF:src\components\AdminPanel.tsx
FN:44,(anonymous_0)
FN:59,(anonymous_1)
FN:64,(anonymous_2)
FN:78,(anonymous_3)
FN:101,(anonymous_4)
FN:103,(anonymous_5)
FN:110,(anonymous_6)
FN:116,(anonymous_7)
FN:120,(anonymous_8)
FN:126,(anonymous_9)
FN:143,(anonymous_10)
FN:165,(anonymous_11)
FN:176,(anonymous_12)
FN:182,(anonymous_13)
FN:204,(anonymous_14)
FN:206,(anonymous_15)
FN:223,(anonymous_16)
FN:224,(anonymous_17)
FN:252,(anonymous_18)
FN:258,(anonymous_19)
FN:259,(anonymous_20)
FN:293,(anonymous_21)
FN:300,(anonymous_22)
FN:330,(anonymous_23)
FN:339,(anonymous_24)
FN:348,(anonymous_25)
FN:357,(anonymous_26)
FN:366,(anonymous_27)
FN:377,(anonymous_28)
FN:385,(anonymous_29)
FN:398,(anonymous_30)
FN:407,(anonymous_31)
FN:412,(anonymous_32)
FN:422,(anonymous_33)
FN:429,(anonymous_34)
FN:436,(anonymous_35)
FN:446,(anonymous_36)
FN:450,(anonymous_37)
FN:460,(anonymous_38)
FN:464,(anonymous_39)
FNF:40
FNH:0
FNDA:0,(anonymous_0)
FNDA:0,(anonymous_1)
FNDA:0,(anonymous_2)
FNDA:0,(anonymous_3)
FNDA:0,(anonymous_4)
FNDA:0,(anonymous_5)
FNDA:0,(anonymous_6)
FNDA:0,(anonymous_7)
FNDA:0,(anonymous_8)
FNDA:0,(anonymous_9)
FNDA:0,(anonymous_10)
FNDA:0,(anonymous_11)
FNDA:0,(anonymous_12)
FNDA:0,(anonymous_13)
FNDA:0,(anonymous_14)
FNDA:0,(anonymous_15)
FNDA:0,(anonymous_16)
FNDA:0,(anonymous_17)
FNDA:0,(anonymous_18)
FNDA:0,(anonymous_19)
FNDA:0,(anonymous_20)
FNDA:0,(anonymous_21)
FNDA:0,(anonymous_22)
FNDA:0,(anonymous_23)
FNDA:0,(anonymous_24)
FNDA:0,(anonymous_25)
FNDA:0,(anonymous_26)
FNDA:0,(anonymous_27)
FNDA:0,(anonymous_28)
FNDA:0,(anonymous_29)
FNDA:0,(anonymous_30)
FNDA:0,(anonymous_31)
FNDA:0,(anonymous_32)
FNDA:0,(anonymous_33)
FNDA:0,(anonymous_34)
FNDA:0,(anonymous_35)
FNDA:0,(anonymous_36)
FNDA:0,(anonymous_37)
FNDA:0,(anonymous_38)
FNDA:0,(anonymous_39)
DA:44,1
DA:45,0
DA:46,0
DA:47,0
DA:48,0
DA:49,0
DA:50,0
DA:51,0
DA:52,0
DA:53,0
DA:54,0
DA:55,0
DA:56,0
DA:57,0
DA:59,0
DA:60,0
DA:61,0
DA:62,0
DA:63,0
DA:64,0
DA:68,0
DA:69,0
DA:70,0
DA:72,0
DA:73,0
DA:78,0
DA:79,0
DA:81,0
DA:83,0
DA:84,0
DA:86,0
DA:87,0
DA:89,0
DA:90,0
DA:92,0
DA:93,0
DA:95,0
DA:98,0
DA:101,0
DA:102,0
DA:103,0
DA:105,0
DA:106,0
DA:110,0
DA:111,0
DA:112,0
DA:116,0
DA:117,0
DA:120,0
DA:121,0
DA:122,0
DA:123,0
DA:126,0
DA:127,0
DA:129,0
DA:130,0
DA:131,0
DA:134,0
DA:135,0
DA:136,0
DA:138,0
DA:139,0
DA:143,0
DA:144,0
DA:145,0
DA:146,0
DA:147,0
DA:149,0
DA:152,0
DA:158,0
DA:160,0
DA:161,0
DA:165,0
DA:166,0
DA:167,0
DA:168,0
DA:169,0
DA:171,0
DA:173,0
DA:176,0
DA:177,0
DA:178,0
DA:179,0
DA:182,0
DA:183,0
DA:185,0
DA:186,0
DA:187,0
DA:188,0
DA:191,0
DA:195,0
DA:196,0
DA:197,0
DA:199,0
DA:200,0
DA:204,0
DA:205,0
DA:206,0
DA:207,0
DA:208,0
DA:211,0
DA:215,0
DA:217,0
DA:218,0
DA:223,0
DA:224,0
DA:225,0
DA:226,0
DA:227,0
DA:228,0
DA:229,0
DA:232,0
DA:235,0
DA:236,0
DA:240,0
DA:241,0
DA:245,0
DA:246,0
DA:252,0
DA:258,0
DA:259,0
DA:282,0
DA:293,0
DA:300,0
DA:330,0
DA:339,0
DA:348,0
DA:357,0
DA:367,0
DA:377,0
DA:385,0
DA:398,0
DA:407,0
DA:412,0
DA:422,0
DA:430,0
DA:436,0
DA:446,0
DA:450,0
DA:460,0
DA:464,0
LF:141
LH:1
BRDA:81,0,0,0
BRDA:81,0,1,0
BRDA:81,0,2,0
BRDA:81,0,3,0
BRDA:81,0,4,0
BRDA:98,1,0,0
BRDA:98,1,1,0
BRDA:102,2,0,0
BRDA:102,2,1,0
BRDA:103,3,0,0
BRDA:103,3,1,0
BRDA:111,4,0,0
BRDA:111,4,1,0
BRDA:127,5,0,0
BRDA:127,5,1,0
BRDA:167,6,0,0
BRDA:167,6,1,0
BRDA:183,7,0,0
BRDA:183,7,1,0
BRDA:228,8,0,0
BRDA:228,8,1,0
BRDA:240,9,0,0
BRDA:240,9,1,0
BRDA:245,10,0,0
BRDA:245,10,1,0
BRDA:259,11,0,0
BRDA:259,11,1,0
BRDA:271,12,0,0
BRDA:271,12,1,0
BRDA:310,13,0,0
BRDA:310,13,1,0
BRDA:329,14,0,0
BRDA:329,14,1,0
BRDA:338,15,0,0
BRDA:338,15,1,0
BRDA:347,16,0,0
BRDA:347,16,1,0
BRDA:356,17,0,0
BRDA:356,17,1,0
BRF:39
BRH:0
end_of_record
TN:
SF:src\components\Login.tsx
FN:6,(anonymous_0)
FN:14,(anonymous_1)
FN:71,(anonymous_2)
FN:83,(anonymous_3)
FN:97,(anonymous_4)
FNF:5
FNH:1
FNDA:1,(anonymous_0)
FNDA:0,(anonymous_1)
FNDA:0,(anonymous_2)
FNDA:0,(anonymous_3)
FNDA:0,(anonymous_4)
DA:6,1
DA:7,1
DA:8,1
DA:9,1
DA:10,1
DA:11,1
DA:12,1
DA:14,1
DA:15,0
DA:16,0
DA:18,0
DA:19,0
DA:20,0
DA:22,0
DA:24,0
DA:26,0
DA:30,1
DA:71,0
DA:83,0
DA:97,0
LF:20
LH:9
BRDA:19,0,0,0
BRDA:19,0,1,0
BRDA:26,1,0,0
BRDA:26,1,1,0
BRDA:51,2,0,0
BRDA:51,2,1,1
BRDA:54,3,0,1
BRDA:54,3,1,0
BRDA:81,4,0,0
BRDA:81,4,1,1
BRDA:91,5,0,0
BRDA:91,5,1,1
BRDA:99,6,0,0
BRDA:99,6,1,1
BRF:14
BRH:5
end_of_record
TN:
SF:src\components\ProtectedRoute.tsx
FN:9,(anonymous_0)
FNF:1
FNH:1
FNDA:1,(anonymous_0)
DA:9,1
DA:10,1
DA:12,1
DA:13,0
DA:16,1
DA:17,1
DA:20,0
LF:7
LH:5
BRDA:12,0,0,0
BRDA:12,0,1,1
BRDA:16,1,0,1
BRDA:16,1,1,0
BRF:4
BRH:2
end_of_record
TN:
SF:src\components\UserList.tsx
FN:23,(anonymous_0)
FN:29,(anonymous_1)
FN:33,(anonymous_2)
FN:42,(anonymous_3)
FN:55,(anonymous_4)
FN:65,(anonymous_5)
FN:69,(anonymous_6)
FN:95,(anonymous_7)
FN:112,(anonymous_8)
FN:114,(anonymous_9)
FNF:10
FNH:0
FNDA:0,(anonymous_0)
FNDA:0,(anonymous_1)
FNDA:0,(anonymous_2)
FNDA:0,(anonymous_3)
FNDA:0,(anonymous_4)
FNDA:0,(anonymous_5)
FNDA:0,(anonymous_6)
FNDA:0,(anonymous_7)
FNDA:0,(anonymous_8)
FNDA:0,(anonymous_9)
DA:23,1
DA:24,0
DA:25,0
DA:26,0
DA:27,0
DA:29,0
DA:30,0
DA:33,0
DA:34,0
DA:35,0
DA:36,0
DA:37,0
DA:40,0
DA:42,0
DA:43,0
DA:45,0
DA:46,0
DA:54,0
DA:55,0
DA:57,0
DA:58,0
DA:60,0
DA:61,0
DA:65,0
DA:66,0
DA:69,0
DA:70,0
DA:71,0
DA:74,0
DA:95,0
DA:113,0
DA:114,0
LF:32
LH:1
BRDA:45,0,0,0
BRDA:45,0,1,0
BRDA:106,1,0,0
BRDA:106,1,1,0
BRDA:119,2,0,0
BRDA:119,2,1,0
BRDA:123,3,0,0
BRDA:123,3,1,0
BRF:8
BRH:0
end_of_record
TN:
SF:src\components\UserRegistration.tsx
FN:11,(anonymous_0)
FN:16,(anonymous_1)
FN:72,(anonymous_2)
FNF:3
FNH:0
FNDA:0,(anonymous_0)
FNDA:0,(anonymous_1)
FNDA:0,(anonymous_2)
DA:11,1
DA:12,0
DA:13,0
DA:14,0
DA:16,0
DA:17,0
DA:18,0
DA:19,0
DA:22,0
DA:24,0
DA:25,0
DA:26,0
DA:28,0
DA:29,0
DA:30,0
DA:34,0
DA:39,0
DA:42,0
DA:48,0
DA:49,0
DA:50,0
DA:51,0
DA:53,0
DA:54,0
DA:58,0
DA:73,0
DA:74,0
LF:27
LH:1
BRDA:17,0,0,0
BRDA:17,0,1,0
BRDA:28,1,0,0
BRDA:28,1,1,0
BRF:4
BRH:0
end_of_record
TN:
SF:src\contexts\AuthContext.tsx
FN:21,(anonymous_0)
FN:29,(anonymous_1)
FN:33,(anonymous_2)
FN:34,(anonymous_3)
FN:42,(anonymous_4)
FN:51,(anonymous_5)
FN:60,(anonymous_6)
FNF:7
FNH:0
FNDA:0,(anonymous_0)
FNDA:0,(anonymous_1)
FNDA:0,(anonymous_2)
FNDA:0,(anonymous_3)
FNDA:0,(anonymous_4)
FNDA:0,(anonymous_5)
FNDA:0,(anonymous_6)
DA:19,0
DA:21,0
DA:22,0
DA:23,0
DA:24,0
DA:26,0
DA:29,0
DA:30,0
DA:31,0
DA:33,0
DA:34,0
DA:35,0
DA:36,0
DA:39,0
DA:42,0
DA:43,0
DA:44,0
DA:46,0
DA:47,0
DA:51,0
DA:52,0
DA:53,0
DA:55,0
DA:56,0
DA:60,0
DA:61,0
DA:62,0
DA:64,0
DA:65,0
DA:69,0
DA:77,0
LF:31
LH:0
BRDA:23,0,0,0
BRDA:23,0,1,0
BRDA:79,1,0,0
BRDA:79,1,1,0
BRF:4
BRH:0
end_of_record
TN:
SF:src\styles\background.tsx
FNF:0
FNH:0
DA:5,1
DA:28,1
LF:2
LH:2
BRF:0
BRH:0
end_of_record
TN:
SF:src\types\images.d.ts
FNF:0
FNH:0
LF:0
LH:0
BRF:0
BRH:0
end_of_record
